This file contains any messages produced by compilers while
running configure, to aid debugging if configure makes a mistake.

It was created by GNU C Library configure (see version.h), which was
generated by GNU Autoconf 2.68.  Invocation command line was

  $ .././configure 

## --------- ##
## Platform. ##
## --------- ##

hostname = datos-server
uname -m = x86_64
uname -r = 4.8.0-36-generic
uname -s = Linux
uname -v = #36~16.04.1-Ubuntu SMP Sun Feb 5 09:39:57 UTC 2017

/usr/bin/uname -p = unknown
/bin/uname -X     = unknown

/bin/arch              = unknown
/usr/bin/arch -k       = unknown
/usr/convex/getsysinfo = unknown
/usr/bin/hostinfo      = unknown
/bin/machine           = unknown
/usr/bin/oslevel       = unknown
/bin/universe          = unknown

PATH: /home/shlee/bin
PATH: /home/shlee/.local/bin
PATH: /usr/local/sbin
PATH: /usr/local/bin
PATH: /usr/sbin
PATH: /usr/bin
PATH: /sbin
PATH: /bin
PATH: /usr/games
PATH: /usr/local/games
PATH: /snap/bin


## ----------- ##
## Core tests. ##
## ----------- ##

configure:2344: checking build system type
configure:2358: result: x86_64-unknown-linux-gnu
configure:2378: checking host system type
configure:2391: result: x86_64-unknown-linux-gnu
configure:2460: checking for gcc
configure:2476: found /usr/bin/gcc
configure:2487: result: gcc
configure:2716: checking for C compiler version
configure:2725: gcc --version >&5
gcc (Ubuntu 5.4.0-6ubuntu1~16.04.11) 5.4.0 20160609
Copyright (C) 2015 Free Software Foundation, Inc.
This is free software; see the source for copying conditions.  There is NO
warranty; not even for MERCHANTABILITY or FITNESS FOR A PARTICULAR PURPOSE.

configure:2736: $? = 0
configure:2725: gcc -v >&5
Using built-in specs.
COLLECT_GCC=gcc
COLLECT_LTO_WRAPPER=/usr/lib/gcc/x86_64-linux-gnu/5/lto-wrapper
Target: x86_64-linux-gnu
Configured with: ../src/configure -v --with-pkgversion='Ubuntu 5.4.0-6ubuntu1~16.04.11' --with-bugurl=file:///usr/share/doc/gcc-5/README.Bugs --enable-languages=c,ada,c++,java,go,d,fortran,objc,obj-c++ --prefix=/usr --program-suffix=-5 --enable-shared --enable-linker-build-id --libexecdir=/usr/lib --without-included-gettext --enable-threads=posix --libdir=/usr/lib --enable-nls --with-sysroot=/ --enable-clocale=gnu --enable-libstdcxx-debug --enable-libstdcxx-time=yes --with-default-libstdcxx-abi=new --enable-gnu-unique-object --disable-vtable-verify --enable-libmpx --enable-plugin --with-system-zlib --disable-browser-plugin --enable-java-awt=gtk --enable-gtk-cairo --with-java-home=/usr/lib/jvm/java-1.5.0-gcj-5-amd64/jre --enable-java-home --with-jvm-root-dir=/usr/lib/jvm/java-1.5.0-gcj-5-amd64 --with-jvm-jar-dir=/usr/lib/jvm-exports/java-1.5.0-gcj-5-amd64 --with-arch-directory=amd64 --with-ecj-jar=/usr/share/java/eclipse-ecj.jar --enable-objc-gc --enable-multiarch --disable-werror --with-arch-32=i686 --with-abi=m64 --with-multilib-list=m32,m64,mx32 --enable-multilib --with-tune=generic --enable-checking=release --build=x86_64-linux-gnu --host=x86_64-linux-gnu --target=x86_64-linux-gnu
Thread model: posix
gcc version 5.4.0 20160609 (Ubuntu 5.4.0-6ubuntu1~16.04.11) 
configure:2736: $? = 0
configure:2725: gcc -V >&5
gcc: error: unrecognized command line option '-V'
gcc: fatal error: no input files
compilation terminated.
configure:2736: $? = 1
configure:2725: gcc -qversion >&5
gcc: error: unrecognized command line option '-qversion'
gcc: fatal error: no input files
compilation terminated.
configure:2736: $? = 1
configure:2741: checking for suffix of object files
configure:2763: gcc -c   conftest.c >&5
configure:2767: $? = 0
configure:2788: result: o
configure:2792: checking whether we are using the GNU C compiler
configure:2811: gcc -c   conftest.c >&5
configure:2811: $? = 0
configure:2820: result: yes
configure:2829: checking whether gcc accepts -g
configure:2849: gcc -c -g  conftest.c >&5
configure:2849: $? = 0
configure:2890: result: yes
configure:3026: checking for g++
configure:3042: found /usr/bin/g++
configure:3053: result: g++
configure:3080: checking for C++ compiler version
configure:3089: g++ --version >&5
g++ (Ubuntu 5.4.0-6ubuntu1~16.04.11) 5.4.0 20160609
Copyright (C) 2015 Free Software Foundation, Inc.
This is free software; see the source for copying conditions.  There is NO
warranty; not even for MERCHANTABILITY or FITNESS FOR A PARTICULAR PURPOSE.

configure:3100: $? = 0
configure:3089: g++ -v >&5
Using built-in specs.
COLLECT_GCC=g++
COLLECT_LTO_WRAPPER=/usr/lib/gcc/x86_64-linux-gnu/5/lto-wrapper
Target: x86_64-linux-gnu
Configured with: ../src/configure -v --with-pkgversion='Ubuntu 5.4.0-6ubuntu1~16.04.11' --with-bugurl=file:///usr/share/doc/gcc-5/README.Bugs --enable-languages=c,ada,c++,java,go,d,fortran,objc,obj-c++ --prefix=/usr --program-suffix=-5 --enable-shared --enable-linker-build-id --libexecdir=/usr/lib --without-included-gettext --enable-threads=posix --libdir=/usr/lib --enable-nls --with-sysroot=/ --enable-clocale=gnu --enable-libstdcxx-debug --enable-libstdcxx-time=yes --with-default-libstdcxx-abi=new --enable-gnu-unique-object --disable-vtable-verify --enable-libmpx --enable-plugin --with-system-zlib --disable-browser-plugin --enable-java-awt=gtk --enable-gtk-cairo --with-java-home=/usr/lib/jvm/java-1.5.0-gcj-5-amd64/jre --enable-java-home --with-jvm-root-dir=/usr/lib/jvm/java-1.5.0-gcj-5-amd64 --with-jvm-jar-dir=/usr/lib/jvm-exports/java-1.5.0-gcj-5-amd64 --with-arch-directory=amd64 --with-ecj-jar=/usr/share/java/eclipse-ecj.jar --enable-objc-gc --enable-multiarch --disable-werror --with-arch-32=i686 --with-abi=m64 --with-multilib-list=m32,m64,mx32 --enable-multilib --with-tune=generic --enable-checking=release --build=x86_64-linux-gnu --host=x86_64-linux-gnu --target=x86_64-linux-gnu
Thread model: posix
gcc version 5.4.0 20160609 (Ubuntu 5.4.0-6ubuntu1~16.04.11) 
configure:3100: $? = 0
configure:3089: g++ -V >&5
g++: error: unrecognized command line option '-V'
g++: fatal error: no input files
compilation terminated.
configure:3100: $? = 1
configure:3089: g++ -qversion >&5
g++: error: unrecognized command line option '-qversion'
g++: fatal error: no input files
compilation terminated.
configure:3100: $? = 1
configure:3104: checking whether we are using the GNU C++ compiler
configure:3123: g++ -c   conftest.cpp >&5
configure:3123: $? = 0
configure:3132: result: yes
configure:3141: checking whether g++ accepts -g
configure:3161: g++ -c -g  conftest.cpp >&5
configure:3161: $? = 0
configure:3202: result: yes
configure:3268: checking for readelf
configure:3284: found /usr/bin/readelf
configure:3295: result: readelf
configure:3792: checking for sysdeps preconfigure fragments
configure:9: checking whether gcc compiles in -mx32 mode by default
configure:27: gcc -c -g -O2  conftest.c >&5
conftest.c:12:3: error: #error not x32
 # error not x32
   ^
configure:27: $? = 1
configure: failed program was:
| /* confdefs.h */
| #define PACKAGE_NAME "GNU C Library"
| #define PACKAGE_TARNAME "glibc"
| #define PACKAGE_VERSION "(see version.h)"
| #define PACKAGE_STRING "GNU C Library (see version.h)"
| #define PACKAGE_BUGREPORT "http://sourceware.org/bugzilla/"
| #define PACKAGE_URL "http://www.gnu.org/software/glibc/"
| #define PKGVERSION "(GNU libc) "
| #define REPORT_BUGS_TO "<http://www.gnu.org/software/libc/bugs.html>"
| /* end confdefs.h.  */
| #ifndef __ILP32__
| # error not x32
| #endif
| int
| main ()
| {
| 
|   ;
|   return 0;
| }
configure:34: result: no
configure:3799: result: 
configure:3873: running configure fragment for add-on libidn
configure:3873: running configure fragment for add-on nptl
configure:3921: checking add-on ports for preconfigure fragments
configure:3928: result: 
configure:4009: checking for assembler and linker STT_GNU_IFUNC support

Relocation section '.rela.plt' at offset 0x110 contains 1 entries:
  Offset          Info           Type           Sym. Value    Sym. Name + Addend
000000600140  000000000025 R_X86_64_IRELATIV                    400140
configure:4040: result: yes
configure:4043: checking whether .text pseudo-op must be used
configure:4053: gcc  -c conftest.s 1>&5
configure:4056: $? = 0
configure:4067: result: yes
configure:4086: checking sysdep dirs
configure:4306: result: sysdeps/generic
configure:4360: WARNING: add-on ports contributed no useful sysdeps directories
configure:4383: checking for a BSD-compatible install
configure:4451: result: /usr/bin/install -c
configure:4466: checking whether ln -s works
configure:4470: result: yes
configure:4494: checking whether as is GNU as
configure:4508: result: yes
configure:4513: checking whether ld is GNU ld
configure:4527: result: yes
configure:4537: checking for as
configure:4564: result: as
configure:4579: checking version of as
configure:4589: result: 2.26.1, ok
configure:4600: checking for ld
configure:4627: result: ld
configure:4642: checking version of ld
configure:4652: result: 2.26.1, ok
configure:4666: checking for gcc
configure:4693: result: gcc
configure:4708: checking version of gcc
configure:4718: result: 5.4.0, ok
configure:4729: checking for gnumake
configure:4759: result: no
configure:4729: checking for gmake
configure:4759: result: no
configure:4729: checking for make
configure:4745: found /usr/bin/make
configure:4756: result: make
configure:4771: checking version of make
configure:4781: result: 4.1, ok
configure:4793: checking for gnumsgfmt
configure:4823: result: no
configure:4793: checking for gmsgfmt
configure:4823: result: no
configure:4793: checking for msgfmt
configure:4809: found /usr/bin/msgfmt
configure:4820: result: msgfmt
configure:4835: checking version of msgfmt
configure:4845: result: 0.19.7, ok
configure:4856: checking for makeinfo
configure:4886: result: no
configure:4919: checking for sed
configure:4935: found /bin/sed
configure:4946: result: sed
configure:4961: checking version of sed
configure:4971: result: 4.2.2, ok
configure:4982: checking for gawk
configure:5012: result: no
configure:5085: checking for nm
configure:5101: found /usr/bin/nm
configure:5112: result: nm
configure:5205: error: 
*** These critical programs are missing or too old: gawk
*** Check the INSTALL file for required versions.

## ---------------- ##
## Cache variables. ##
## ---------------- ##

ac_cv_build=x86_64-unknown-linux-gnu
ac_cv_c_compiler_gnu=yes
ac_cv_cxx_compiler_gnu=yes
ac_cv_env_CCC_set=
ac_cv_env_CCC_value=
ac_cv_env_CC_set=
ac_cv_env_CC_value=
ac_cv_env_CFLAGS_set=
ac_cv_env_CFLAGS_value=
ac_cv_env_CPPFLAGS_set=
ac_cv_env_CPPFLAGS_value=
ac_cv_env_CPP_set=
ac_cv_env_CPP_value=
ac_cv_env_CXXFLAGS_set=
ac_cv_env_CXXFLAGS_value=
ac_cv_env_CXX_set=
ac_cv_env_CXX_value=
ac_cv_env_LDFLAGS_set=
ac_cv_env_LDFLAGS_value=
ac_cv_env_LIBS_set=
ac_cv_env_LIBS_value=
ac_cv_env_build_alias_set=
ac_cv_env_build_alias_value=
ac_cv_env_host_alias_set=
ac_cv_env_host_alias_value=
ac_cv_env_target_alias_set=
ac_cv_env_target_alias_value=
ac_cv_host=x86_64-unknown-linux-gnu
ac_cv_objext=o
ac_cv_path_install='/usr/bin/install -c'
ac_cv_prog_AS=as
ac_cv_prog_CC=gcc
ac_cv_prog_LD=ld
ac_cv_prog_MAKE=make
ac_cv_prog_MSGFMT=msgfmt
ac_cv_prog_SED=sed
ac_cv_prog_ac_ct_CC=gcc
ac_cv_prog_ac_ct_CXX=g++
ac_cv_prog_ac_ct_NM=nm
ac_cv_prog_ac_ct_READELF=readelf
ac_cv_prog_cc_g=yes
ac_cv_prog_cxx_g=yes
libc_cv_dot_text=.text
libc_cv_ld_gnu_indirect_function=yes
libc_cv_nss_crypt=no
libc_cv_prog_as_gnu=yes
libc_cv_prog_ld_gnu=yes
libc_cv_x32=no

## ----------------- ##
## Output variables. ##
## ----------------- ##

AR='ar'
AS='as'
ASFLAGS_config=''
AUTOCONF='no'
AWK=''
BASH_SHELL=''
BISON=''
BUILD_CC=''
CC='gcc'
CFLAGS='-g -O2'
CPP='gcc -E'
CPPFLAGS=''
CPPUNDEFS=''
CXX='g++'
CXXFLAGS='-g -O2'
CXX_SYSINCLUDES=''
DEFINES=''
DEFS=''
ECHO_C=''
ECHO_N='-n'
ECHO_T=''
INSTALL_DATA='${INSTALL} -m 644'
INSTALL_INFO=''
INSTALL_PROGRAM='${INSTALL}'
INSTALL_SCRIPT='${INSTALL}'
KSH=''
LD='ld'
LDFLAGS=''
LIBGD=''
LIBOBJS=''
LIBS=''
LN_S='ln -s'
LTLIBOBJS=''
MAKE='make'
MAKEINFO=':'
MSGFMT='msgfmt'
NM='nm'
OBJCOPY='objcopy'
OBJDUMP='objdump'
OBJEXT='o'
PACKAGE_BUGREPORT='http://sourceware.org/bugzilla/'
PACKAGE_NAME='GNU C Library'
PACKAGE_STRING='GNU C Library (see version.h)'
PACKAGE_TARNAME='glibc'
PACKAGE_URL='http://www.gnu.org/software/glibc/'
PACKAGE_VERSION='(see version.h)'
PATH_SEPARATOR=':'
PERL=''
PKGVERSION='(GNU libc) '
PKGVERSION_TEXI='(GNU libc) '
READELF='readelf'
RELEASE=''
REPORT_BUGS_TEXI='@uref{http://www.gnu.org/software/libc/bugs.html}'
REPORT_BUGS_TO='<http://www.gnu.org/software/libc/bugs.html>'
SED='sed'
SHELL='/bin/bash'
SYSINCLUDES=''
VERSION=''
ac_ct_CC='gcc'
ac_ct_CXX='g++'
add_on_subdirs=' libidn'
add_ons='libidn nptl ports'
all_warnings=''
base_machine='x86_64'
bindir='${exec_prefix}/bin'
bindnow='no'
build='x86_64-unknown-linux-gnu'
build_alias=''
build_cpu='x86_64'
build_nscd='default'
build_os='linux-gnu'
build_pt_chown='no'
build_vendor='unknown'
cross_compiling='no'
datadir='${datarootdir}'
datarootdir='${prefix}/share'
docdir='${datarootdir}/doc/${PACKAGE_TARNAME}'
dvidir='${docdir}'
exceptions=''
exec_prefix='NONE'
fno_unit_at_a_time=''
force_install='yes'
gnu89_inline=''
hardcoded_path_in_tests='no'
have_libaudit=''
have_libcap=''
have_selinux=''
host='x86_64-unknown-linux-gnu'
host_alias=''
host_cpu='x86_64'
host_os='linux-gnu'
host_vendor='unknown'
htmldir='${docdir}'
includedir='${prefix}/include'
infodir='${datarootdir}/info'
ldd_rewrite_script=''
libc_cv_Bgroup=''
libc_cv_cc_loop_to_function=''
libc_cv_cc_nofma=''
libc_cv_cc_submachine=''
libc_cv_cc_with_libunwind=''
libc_cv_forced_unwind=''
libc_cv_fpie=''
libc_cv_gcc_static_libgcc=''
libc_cv_gcc_unwind_find_fde=''
libc_cv_hashstyle=''
libc_cv_have_bash2=''
libc_cv_have_ksh=''
libc_cv_localedir=''
libc_cv_localstatedir=''
libc_cv_nss_crypt='no'
libc_cv_output_format=''
libc_cv_pic_default=''
libc_cv_rootsbindir=''
libc_cv_rtlddir=''
libc_cv_slibdir=''
libc_cv_ssp=''
libc_cv_sysconfdir=''
libc_cv_z_combreloc=''
libc_cv_z_execstack=''
libc_extra_cflags=''
libdir='${exec_prefix}/lib'
libexecdir='${exec_prefix}/libexec'
link_obsolete_rpc='no'
localedir='${datarootdir}/locale'
localstatedir='${prefix}/var'
mach_interface_list=''
mandir='${datarootdir}/man'
multi_arch='default'
old_glibc_headers=''
oldest_abi='default'
oldincludedir='/usr/include'
pdfdir='${docdir}'
prefix='NONE'
profile='no'
program_transform_name='s,x,x,'
psdir='${docdir}'
sbindir='${exec_prefix}/sbin'
shared='yes'
sharedstatedir='${prefix}/com'
sizeof_long_double=''
static=''
static_nss='no'
subdirs='  '
submachine=''
sysconfdir='${prefix}/etc'
sysdeps_add_ons=' nptl ports'
sysheaders=''
sysnames=' sysdeps/unix/sysv/linux/x86_64/64/nptl sysdeps/unix/sysv/linux/x86_64/64 nptl/sysdeps/unix/sysv/linux/x86_64 nptl/sysdeps/unix/sysv/linux/x86 sysdeps/unix/sysv/linux/x86 sysdeps/unix/sysv/linux/x86_64 sysdeps/unix/sysv/linux/wordsize-64 nptl/sysdeps/unix/sysv/linux nptl/sysdeps/pthread sysdeps/pthread ports/sysdeps/unix/sysv/linux sysdeps/unix/sysv/linux sysdeps/gnu sysdeps/unix/inet nptl/sysdeps/unix/sysv ports/sysdeps/unix/sysv sysdeps/unix/sysv sysdeps/unix/x86_64 nptl/sysdeps/unix ports/sysdeps/unix sysdeps/unix sysdeps/posix nptl/sysdeps/x86_64/64 sysdeps/x86_64/64 sysdeps/x86_64/fpu/multiarch sysdeps/x86_64/fpu sysdeps/x86/fpu sysdeps/x86_64/multiarch nptl/sysdeps/x86_64 sysdeps/x86_64 sysdeps/x86 sysdeps/ieee754/ldbl-96 sysdeps/ieee754/dbl-64/wordsize-64 sysdeps/ieee754/dbl-64 sysdeps/ieee754/flt-32 sysdeps/wordsize-64 sysdeps/ieee754 sysdeps/generic'
target_alias=''
use_default_link='default'
use_ldconfig=''
use_nscd='yes'
with_fp='yes'

## ----------- ##
## confdefs.h. ##
## ----------- ##

/* confdefs.h */
#define PACKAGE_NAME "GNU C Library"
#define PACKAGE_TARNAME "glibc"
#define PACKAGE_VERSION "(see version.h)"
#define PACKAGE_STRING "GNU C Library (see version.h)"
#define PACKAGE_BUGREPORT "http://sourceware.org/bugzilla/"
#define PACKAGE_URL "http://www.gnu.org/software/glibc/"
#define PKGVERSION "(GNU libc) "
#define REPORT_BUGS_TO "<http://www.gnu.org/software/libc/bugs.html>"
#define HAVE_LIBIDN 1
#define USE_MULTIARCH 1

configure: exit 1
