#
# A fatal error has been detected by the Java Runtime Environment:
#
#  SIGSEGV (0xb) at pc=0x00007fbb8e1289aa, pid=23170, tid=0x00007fbb7270e700
#
# JRE version: OpenJDK Runtime Environment (8.0_222-b10) (build 1.8.0_222-8u222-b10-1ubuntu1~16.04.1-b10)
# Java VM: OpenJDK 64-Bit Server VM (25.222-b10 mixed mode linux-amd64 compressed oops)
# Problematic frame:
# V  [libjvm.so+0x55a9aa]
#
# Failed to write core dump. Core dumps have been disabled. To enable core dumping, try "ulimit -c unlimited" before starting Java again
#
# If you would like to submit a bug report, please visit:
#   http://bugreport.java.com/bugreport/crash.jsp
#

---------------  T H R E A D  ---------------

Current thread is native thread

siginfo: si_signo: 11 (SIGSEGV), si_code: 1 (SEGV_MAPERR), si_addr: 0x0000000000000128

Registers:
RAX=0x0000000000000000, RBX=0x00007fbb8ead9728, RCX=0x00007fbb7270d6f0, RDX=0x00007fbb7270ea20
RSP=0x00007fbb7270d5d0, RBP=0x00007fbb7270d650, RSI=0x00000000e2b5d158, RDI=0x0000000000000001
R8 =0x00007fbb7874e900, R9 =0x0000000000000006, R10=0x0000000000a561b0, R11=0x0000000000000005
R12=0x00007fbb7874e900, R13=0x00007fbb8e6a5fe8, R14=0x00000000009e4048, R15=0x00000000009e3800
RIP=0x00007fbb8e1289aa, EFLAGS=0x0000000000010246, CSGSFS=0x002b000000000033, ERR=0x0000000000000004
  TRAPNO=0x000000000000000e

Top of Stack: (sp=0x00007fbb7270d5d0)
0x00007fbb7270d5d0:   00007fbb7874e900 00007fbb7270d6f0
0x00007fbb7270d5e0:   00000000ffffffff 00000000009e24e0
0x00007fbb7270d5f0:   00007fbb7270d6f0 000001828e02cef9
0x00007fbb7270d600:   00007fbb7874e900 0000000000000000
0x00007fbb7270d610:   00007fbb7874e900 deab87bcd3fbad00
0x00007fbb7270d620:   00007fbb7270d650 00000000009e3800
0x00007fbb7270d630:   00000000009e3800 00007fbb7270d6f0
0x00007fbb7270d640:   00000000009e24e0 00007fbb7874e900
0x00007fbb7270d650:   00007fbb7270d770 00007fbb8e235de0
0x00007fbb7270d660:   0000000000400748 00007fbb7270d6d8
0x00007fbb7270d670:   000000007c29dbe2 deab87bcd3fbad00
0x00007fbb7270d680:   00007fbb00000022 00007fbb0000000c
0x00007fbb7270d690:   00007fbb7c8ae340 000000000000000c
0x00007fbb7270d6a0:   00000000009e4028 00007fbb7270d8f0
0x00007fbb7270d6b0:   00007fbb7270d750 00007fbb8e35f08f
0x00007fbb7270d6c0:   00007fbb7270d750 00007fbb8e35f132
0x00007fbb7270d6d0:   000000008d05fff8 00007fbb7270d700
0x00007fbb7270d6e0:   00000000009e4028 00007fbb7270d7a0
0x00007fbb7270d6f0:   00007fbb7874e900 00000000009e3800
0x00007fbb7270d700:   00007fbb7874e900 00000000009e3800
0x00007fbb7270d710:   00007fbb7270d868 deab87bcd3fbad00
0x00007fbb7270d720:   0000000000000002 00000000009e3800
0x00007fbb7270d730:   00000000009e3800 deab87bcd3fbad00
0x00007fbb7270d740:   00007fbb7270d8f0 00000000009e3800
0x00007fbb7270d750:   00007fbb7874e900 00000000009e3800
0x00007fbb7270d760:   00007fbb7270d8f0 00007fbb7270d830
0x00007fbb7270d770:   00007fbb7270d820 00007fbb8e233ab4
0x00007fbb7270d780:   00007fbb7270d7f0 00007fbb7270d7a0
0x00007fbb7270d790:   00007fbb7874e900 00000000009e3800
0x00007fbb7270d7a0:   0000000100002248 000000010000f318
0x00007fbb7270d7b0:   00007fbb7874e900 00000000009e3800
0x00007fbb7270d7c0:   00007fbb7874e900 00000000009e3800 

Instructions: (pc=0x00007fbb8e1289aa)
0x00007fbb8e12898a:   21 48 c7 45 b8 00 00 00 00 48 8d 1d 8e 0d 9b 00
0x00007fbb8e12899a:   4d 85 e4 4c 89 65 b0 74 2d 8b 3b e8 16 51 c9 ff
0x00007fbb8e1289aa:   4c 8b 80 28 01 00 00 48 89 45 b8 49 63 00 41 3b
0x00007fbb8e1289ba:   40 04 0f 84 d7 00 00 00 8d 50 01 41 89 10 49 8b 

Register to memory mapping:

RAX=0x0000000000000000 is an unknown value
RBX=0x00007fbb8ead9728: <offset 0xf0b728> in /usr/lib/jvm/java-8-openjdk-amd64/jre/lib/amd64/server/libjvm.so at 0x00007fbb8dbce000
RCX=0x00007fbb7270d6f0 is an unknown value
RDX=0x00007fbb7270ea20 is an unknown value
RSP=0x00007fbb7270d5d0 is an unknown value
RBP=0x00007fbb7270d650 is an unknown value
RSI=0x00000000e2b5d158 is an oop

[error occurred during error reporting (printing register info), id 0xb]

Stack: [0x00007fbb71f0e000,0x00007fbb7270f000],  sp=0x00007fbb7270d5d0,  free space=8189k
Native frames: (J=compiled Java code, j=interpreted, Vv=VM code, C=native code)
V  [libjvm.so+0x55a9aa]
V  [libjvm.so+0x667de0]
V  [libjvm.so+0x665ab4]
V  [libjvm.so+0x666113]
V  [libjvm.so+0x9edf0d]
V  [libjvm.so+0x9ec886]
V  [libjvm.so+0x9ee9ca]
V  [libjvm.so+0x6b55e0]
V  [libjvm.so+0x67dbf6]
C  [Run+0x6b3d]
C  [Run+0x698e]
C  [Run+0x4a3d]
C  [Run+0x60cd]
C  [Run+0xac5f]
C  [Run+0xb92c]
C  [Run+0xb7e5]


---------------  P R O C E S S  ---------------

VM state:not at safepoint (normal execution)

VM Mutex/Monitor currently owned by a thread: None

heap address: 0x00000000a8000000, size: 1408 MB, Compressed Oops mode: 32-bit
Narrow klass base: 0x0000000000000000, Narrow klass shift: 3
Compressed class space size: 1073741824 Address: 0x0000000100000000

Heap:
 PSYoungGen      total 26112K, used 450K [0x00000000e2b00000, 0x00000000e4800000, 0x0000000100000000)
  eden space 22528K, 2% used [0x00000000e2b00000,0x00000000e2b70a48,0x00000000e4100000)
  from space 3584K, 0% used [0x00000000e4480000,0x00000000e4480000,0x00000000e4800000)
  to   space 3584K, 0% used [0x00000000e4100000,0x00000000e4100000,0x00000000e4480000)
 ParOldGen       total 60416K, used 0K [0x00000000a8000000, 0x00000000abb00000, 0x00000000e2b00000)
  object space 60416K, 0% used [0x00000000a8000000,0x00000000a8000000,0x00000000abb00000)
 Metaspace       used 2611K, capacity 4486K, committed 4864K, reserved 1056768K
  class space    used 275K, capacity 386K, committed 512K, reserved 1048576K

Card table byte_map: [0x00007fbb7c21a000,0x00007fbb7c4db000] byte_map_base: 0x00007fbb7bcda000

Marking Bits: (ParMarkBitMap*) 0x00007fbb8eb01540
 Begin Bits: [0x00007fbb79216000, 0x00007fbb7a816000)
 End Bits:   [0x00007fbb7a816000, 0x00007fbb7be16000)

Polling page: 0x00007fbb8ed41000

CodeCache: size=245760Kb used=1081Kb max_used=1081Kb free=244678Kb
 bounds [0x00007fbb7c89b000, 0x00007fbb7cb0b000, 0x00007fbb8b89b000]
 total_blobs=244 nmethods=14 adapters=146
 compilation: enabled

Compilation events (10 events):
Event: 0.083 Thread 0x0000000000a98000    9       3       java.lang.AbstractStringBuilder::ensureCapacityInternal (27 bytes)
Event: 0.083 Thread 0x0000000000a98000 nmethod 9 0x00007fbb7c9a7490 code [0x00007fbb7c9a7620, 0x00007fbb7c9a7a78]
Event: 0.083 Thread 0x0000000000a98000   11       1       java.lang.ref.Reference::get (5 bytes)
Event: 0.083 Thread 0x0000000000a98000 nmethod 11 0x00007fbb7c9a7c10 code [0x00007fbb7c9a7d60, 0x00007fbb7c9a7e70]
Event: 0.084 Thread 0x0000000000a98000   12       1       java.lang.ThreadLocal::access$400 (5 bytes)
Event: 0.084 Thread 0x0000000000a98000 nmethod 12 0x00007fbb7c9a7ed0 code [0x00007fbb7c9a8020, 0x00007fbb7c9a8110]
Event: 0.085 Thread 0x0000000000a98000   13       3       java.lang.AbstractStringBuilder::append (50 bytes)
Event: 0.086 Thread 0x0000000000a98000 nmethod 13 0x00007fbb7c9a8190 code [0x00007fbb7c9a8360, 0x00007fbb7c9a8a98]
Event: 0.086 Thread 0x0000000000a98000   14       3       java.lang.String::getChars (62 bytes)
Event: 0.086 Thread 0x0000000000a98000 nmethod 14 0x00007fbb7c9a8d90 code [0x00007fbb7c9a8f40, 0x00007fbb7c9a9378]

GC Heap History (0 events):
No events

Deoptimization events (0 events):
No events

Classes redefined (0 events):
No events

Internal exceptions (2 events):
Event: 0.038 Thread 0x00000000009e3800 Exception <a 'java/lang/NoSuchMethodError': Method sun.misc.Unsafe.defineClass(Ljava/lang/String;[BII)Ljava/lang/Class; name or signature does not match> (0x00000000e2b07cb8) thrown at [/build/openjdk-8-g3XteX/openjdk-8-8u222-b10/src/hotspot/src/share/vm/
Event: 0.038 Thread 0x00000000009e3800 Exception <a 'java/lang/NoSuchMethodError': Method sun.misc.Unsafe.prefetchRead(Ljava/lang/Object;J)V name or signature does not match> (0x00000000e2b07fa0) thrown at [/build/openjdk-8-g3XteX/openjdk-8-8u222-b10/src/hotspot/src/share/vm/prims/jni.cpp, lin

Events (10 events):
Event: 0.087 loading class java/util/NavigableSet done
Event: 0.087 loading class java/util/concurrent/ConcurrentSkipListMap$KeySet done
Event: 0.087 loading class java/util/concurrent/ConcurrentSkipListMap$EntrySet
Event: 0.087 loading class java/util/concurrent/ConcurrentSkipListMap$EntrySet done
Event: 0.087 loading class java/util/concurrent/ConcurrentSkipListMap$Values
Event: 0.087 loading class java/util/concurrent/ConcurrentSkipListMap$Values done
Event: 0.087 loading class sun/nio/ch/Interruptible
Event: 0.087 loading class sun/nio/ch/Interruptible done
Event: 0.087 loading class java/util/concurrent/ConcurrentSkipListMap$Node
Event: 0.087 loading class java/util/concurrent/ConcurrentSkipListMap$Node done


Dynamic libraries:
00400000-00415000 r-xp 00000000 08:01 19267585                           /home/ljkim/skip_vchain/src_cpp/Run
00614000-00615000 r--p 00014000 08:01 19267585                           /home/ljkim/skip_vchain/src_cpp/Run
00615000-00616000 rw-p 00015000 08:01 19267585                           /home/ljkim/skip_vchain/src_cpp/Run
009c7000-00b2c000 rw-p 00000000 00:00 0                                  [heap]
a8000000-abb00000 rw-p 00000000 00:00 0 
abb00000-e2b00000 ---p 00000000 00:00 0 
e2b00000-e4800000 rw-p 00000000 00:00 0 
e4800000-100000000 ---p 00000000 00:00 0 
100000000-100080000 rw-p 00000000 00:00 0 
100080000-140000000 ---p 00000000 00:00 0 
7fbb34000000-7fbb34021000 rw-p 00000000 00:00 0 
7fbb34021000-7fbb38000000 ---p 00000000 00:00 0 
7fbb3c000000-7fbb3c021000 rw-p 00000000 00:00 0 
7fbb3c021000-7fbb40000000 ---p 00000000 00:00 0 
7fbb40000000-7fbb40021000 rw-p 00000000 00:00 0 
7fbb40021000-7fbb44000000 ---p 00000000 00:00 0 
7fbb44000000-7fbb44021000 rw-p 00000000 00:00 0 
7fbb44021000-7fbb48000000 ---p 00000000 00:00 0 
7fbb48000000-7fbb48021000 rw-p 00000000 00:00 0 
7fbb48021000-7fbb4c000000 ---p 00000000 00:00 0 
7fbb4c000000-7fbb4c021000 rw-p 00000000 00:00 0 
7fbb4c021000-7fbb50000000 ---p 00000000 00:00 0 
7fbb50000000-7fbb5005e000 rw-p 00000000 00:00 0 
7fbb5005e000-7fbb54000000 ---p 00000000 00:00 0 
7fbb54000000-7fbb54021000 rw-p 00000000 00:00 0 
7fbb54021000-7fbb58000000 ---p 00000000 00:00 0 
7fbb58000000-7fbb58021000 rw-p 00000000 00:00 0 
7fbb58021000-7fbb5c000000 ---p 00000000 00:00 0 
7fbb5c000000-7fbb5c021000 rw-p 00000000 00:00 0 
7fbb5c021000-7fbb60000000 ---p 00000000 00:00 0 
7fbb60000000-7fbb60021000 rw-p 00000000 00:00 0 
7fbb60021000-7fbb64000000 ---p 00000000 00:00 0 
7fbb64000000-7fbb64021000 rw-p 00000000 00:00 0 
7fbb64021000-7fbb68000000 ---p 00000000 00:00 0 
7fbb6c000000-7fbb6c021000 rw-p 00000000 00:00 0 
7fbb6c021000-7fbb70000000 ---p 00000000 00:00 0 
7fbb71f0e000-7fbb71f0f000 ---p 00000000 00:00 0 
7fbb71f0f000-7fbb7270f000 rw-p 00000000 00:00 0 
7fbb7270f000-7fbb7272a000 r--s 001d6000 08:01 14680552                   /usr/lib/jvm/java-8-openjdk-amd64/jre/lib/ext/nashorn.jar
7fbb7272a000-7fbb7272f000 r--s 0003c000 08:01 14680557                   /usr/lib/jvm/java-8-openjdk-amd64/jre/lib/ext/sunjce_provider.jar
7fbb7272f000-7fbb72730000 ---p 00000000 00:00 0 
7fbb72730000-7fbb72830000 rw-p 00000000 00:00 0 
7fbb72830000-7fbb72833000 ---p 00000000 00:00 0 
7fbb72833000-7fbb72931000 rw-p 00000000 00:00 0 
7fbb72931000-7fbb72934000 ---p 00000000 00:00 0 
7fbb72934000-7fbb72a32000 rw-p 00000000 00:00 0 
7fbb72a32000-7fbb72a35000 ---p 00000000 00:00 0 
7fbb72a35000-7fbb72b33000 rw-p 00000000 00:00 0 
7fbb72b33000-7fbb72b36000 ---p 00000000 00:00 0 
7fbb72b36000-7fbb72c34000 rw-p 00000000 00:00 0 
7fbb72c34000-7fbb72c37000 ---p 00000000 00:00 0 
7fbb72c37000-7fbb72d35000 rw-p 00000000 00:00 0 
7fbb72d35000-7fbb7314d000 r--p 00000000 08:01 12594378                   /usr/lib/locale/locale-archive
7fbb7314d000-7fbb73150000 ---p 00000000 00:00 0 
7fbb73150000-7fbb7324e000 rw-p 00000000 00:00 0 
7fbb7324e000-7fbb73251000 ---p 00000000 00:00 0 
7fbb73251000-7fbb7334f000 rw-p 00000000 00:00 0 
7fbb7334f000-7fbb73350000 ---p 00000000 00:00 0 
7fbb73350000-7fbb74000000 rw-p 00000000 00:00 0 
7fbb74000000-7fbb74021000 rw-p 00000000 00:00 0 
7fbb74021000-7fbb78000000 ---p 00000000 00:00 0 
7fbb78004000-7fbb7801f000 r--s 00394000 08:01 14680555                   /usr/lib/jvm/java-8-openjdk-amd64/jre/lib/ext/cldrdata.jar
7fbb7801f000-7fbb78471000 rw-p 00000000 00:00 0 
7fbb78471000-7fbb78641000 r--s 03c5c000 08:01 14549558                   /usr/lib/jvm/java-8-openjdk-amd64/jre/lib/rt.jar
7fbb78641000-7fbb78b7a000 rw-p 00000000 00:00 0 
7fbb78b7a000-7fbb78f3a000 ---p 00000000 00:00 0 
7fbb78f3a000-7fbb7be16000 rw-p 00000000 00:00 0 
7fbb7be16000-7fbb7be17000 ---p 00000000 00:00 0 
7fbb7be17000-7fbb7bf17000 rw-p 00000000 00:00 0 
7fbb7bf17000-7fbb7bf18000 ---p 00000000 00:00 0 
7fbb7bf18000-7fbb7c018000 rw-p 00000000 00:00 0 
7fbb7c018000-7fbb7c019000 ---p 00000000 00:00 0 
7fbb7c019000-7fbb7c119000 rw-p 00000000 00:00 0 
7fbb7c119000-7fbb7c11a000 ---p 00000000 00:00 0 
7fbb7c11a000-7fbb7c238000 rw-p 00000000 00:00 0 
7fbb7c238000-7fbb7c3ef000 ---p 00000000 00:00 0 
7fbb7c3ef000-7fbb7c3fe000 rw-p 00000000 00:00 0 
7fbb7c3fe000-7fbb7c4da000 ---p 00000000 00:00 0 
7fbb7c4da000-7fbb7c4e5000 rw-p 00000000 00:00 0 
7fbb7c4e5000-7fbb7c89b000 ---p 00000000 00:00 0 
7fbb7c89b000-7fbb7cb0b000 rwxp 00000000 00:00 0 
7fbb7cb0b000-7fbb8b89b000 ---p 00000000 00:00 0 
7fbb8b89b000-7fbb8b8b4000 r-xp 00000000 08:01 13369958                   /lib/x86_64-linux-gnu/libz.so.1.2.8
7fbb8b8b4000-7fbb8bab3000 ---p 00019000 08:01 13369958                   /lib/x86_64-linux-gnu/libz.so.1.2.8
7fbb8bab3000-7fbb8bab4000 r--p 00018000 08:01 13369958                   /lib/x86_64-linux-gnu/libz.so.1.2.8
7fbb8bab4000-7fbb8bab5000 rw-p 00019000 08:01 13369958                   /lib/x86_64-linux-gnu/libz.so.1.2.8
7fbb8bab5000-7fbb8babd000 r-xp 00000000 08:01 14680592                   /usr/lib/jvm/java-8-openjdk-amd64/jre/lib/amd64/libzip.so
7fbb8babd000-7fbb8bcbc000 ---p 00008000 08:01 14680592                   /usr/lib/jvm/java-8-openjdk-amd64/jre/lib/amd64/libzip.so
7fbb8bcbc000-7fbb8bcbd000 r--p 00007000 08:01 14680592                   /usr/lib/jvm/java-8-openjdk-amd64/jre/lib/amd64/libzip.so
7fbb8bcbd000-7fbb8bcbe000 rw-p 00008000 08:01 14680592                   /usr/lib/jvm/java-8-openjdk-amd64/jre/lib/amd64/libzip.so
7fbb8bcbe000-7fbb8bcc9000 r-xp 00000000 08:01 13369937                   /lib/x86_64-linux-gnu/libnss_files-2.23.so
7fbb8bcc9000-7fbb8bec8000 ---p 0000b000 08:01 13369937                   /lib/x86_64-linux-gnu/libnss_files-2.23.so
7fbb8bec8000-7fbb8bec9000 r--p 0000a000 08:01 13369937                   /lib/x86_64-linux-gnu/libnss_files-2.23.so
7fbb8bec9000-7fbb8beca000 rw-p 0000b000 08:01 13369937                   /lib/x86_64-linux-gnu/libnss_files-2.23.so
7fbb8beca000-7fbb8bed0000 rw-p 00000000 00:00 0 
7fbb8bed0000-7fbb8bedb000 r-xp 00000000 08:01 13369930                   /lib/x86_64-linux-gnu/libnss_nis-2.23.so
7fbb8bedb000-7fbb8c0da000 ---p 0000b000 08:01 13369930                   /lib/x86_64-linux-gnu/libnss_nis-2.23.so
7fbb8c0da000-7fbb8c0db000 r--p 0000a000 08:01 13369930                   /lib/x86_64-linux-gnu/libnss_nis-2.23.so
7fbb8c0db000-7fbb8c0dc000 rw-p 0000b000 08:01 13369930                   /lib/x86_64-linux-gnu/libnss_nis-2.23.so
7fbb8c0dc000-7fbb8c0f2000 r-xp 00000000 08:01 13369935                   /lib/x86_64-linux-gnu/libnsl-2.23.so
7fbb8c0f2000-7fbb8c2f1000 ---p 00016000 08:01 13369935                   /lib/x86_64-linux-gnu/libnsl-2.23.so
7fbb8c2f1000-7fbb8c2f2000 r--p 00015000 08:01 13369935                   /lib/x86_64-linux-gnu/libnsl-2.23.so
7fbb8c2f2000-7fbb8c2f3000 rw-p 00016000 08:01 13369935                   /lib/x86_64-linux-gnu/libnsl-2.23.so
7fbb8c2f3000-7fbb8c2f5000 rw-p 00000000 00:00 0 
7fbb8c2f5000-7fbb8c2fd000 r-xp 00000000 08:01 13369941                   /lib/x86_64-linux-gnu/libnss_compat-2.23.so
7fbb8c2fd000-7fbb8c4fc000 ---p 00008000 08:01 13369941                   /lib/x86_64-linux-gnu/libnss_compat-2.23.so
7fbb8c4fc000-7fbb8c4fd000 r--p 00007000 08:01 13369941                   /lib/x86_64-linux-gnu/libnss_compat-2.23.so
7fbb8c4fd000-7fbb8c4fe000 rw-p 00008000 08:01 13369941                   /lib/x86_64-linux-gnu/libnss_compat-2.23.so
7fbb8c4fe000-7fbb8c527000 r-xp 00000000 08:01 14680576                   /usr/lib/jvm/java-8-openjdk-amd64/jre/lib/amd64/libjava.so
7fbb8c527000-7fbb8c726000 ---p 00029000 08:01 14680576                   /usr/lib/jvm/java-8-openjdk-amd64/jre/lib/amd64/libjava.so
7fbb8c726000-7fbb8c727000 r--p 00028000 08:01 14680576                   /usr/lib/jvm/java-8-openjdk-amd64/jre/lib/amd64/libjava.so
7fbb8c727000-7fbb8c729000 rw-p 00029000 08:01 14680576                   /usr/lib/jvm/java-8-openjdk-amd64/jre/lib/amd64/libjava.so
7fbb8c729000-7fbb8c738000 r-xp 00000000 08:01 14680594                   /usr/lib/jvm/java-8-openjdk-amd64/jre/lib/amd64/libverify.so
7fbb8c738000-7fbb8c937000 ---p 0000f000 08:01 14680594                   /usr/lib/jvm/java-8-openjdk-amd64/jre/lib/amd64/libverify.so
7fbb8c937000-7fbb8c939000 r--p 0000e000 08:01 14680594                   /usr/lib/jvm/java-8-openjdk-amd64/jre/lib/amd64/libverify.so
7fbb8c939000-7fbb8c93a000 rw-p 00010000 08:01 14680594                   /usr/lib/jvm/java-8-openjdk-amd64/jre/lib/amd64/libverify.so
7fbb8c93a000-7fbb8c941000 r-xp 00000000 08:01 13369923                   /lib/x86_64-linux-gnu/librt-2.23.so
7fbb8c941000-7fbb8cb40000 ---p 00007000 08:01 13369923                   /lib/x86_64-linux-gnu/librt-2.23.so
7fbb8cb40000-7fbb8cb41000 r--p 00006000 08:01 13369923                   /lib/x86_64-linux-gnu/librt-2.23.so
7fbb8cb41000-7fbb8cb42000 rw-p 00007000 08:01 13369923                   /lib/x86_64-linux-gnu/librt-2.23.so
7fbb8cb42000-7fbb8cb45000 r-xp 00000000 08:01 13369925                   /lib/x86_64-linux-gnu/libdl-2.23.so
7fbb8cb45000-7fbb8cd44000 ---p 00003000 08:01 13369925                   /lib/x86_64-linux-gnu/libdl-2.23.so
7fbb8cd44000-7fbb8cd45000 r--p 00002000 08:01 13369925                   /lib/x86_64-linux-gnu/libdl-2.23.so
7fbb8cd45000-7fbb8cd46000 rw-p 00003000 08:01 13369925                   /lib/x86_64-linux-gnu/libdl-2.23.so
7fbb8cd46000-7fbb8ce4e000 r-xp 00000000 08:01 13369943                   /lib/x86_64-linux-gnu/libm-2.23.so
7fbb8ce4e000-7fbb8d04d000 ---p 00108000 08:01 13369943                   /lib/x86_64-linux-gnu/libm-2.23.so
7fbb8d04d000-7fbb8d04e000 r--p 00107000 08:01 13369943                   /lib/x86_64-linux-gnu/libm-2.23.so
7fbb8d04e000-7fbb8d04f000 rw-p 00108000 08:01 13369943                   /lib/x86_64-linux-gnu/libm-2.23.so
7fbb8d04f000-7fbb8d20f000 r-xp 00000000 08:01 13369940                   /lib/x86_64-linux-gnu/libc-2.23.so
7fbb8d20f000-7fbb8d40f000 ---p 001c0000 08:01 13369940                   /lib/x86_64-linux-gnu/libc-2.23.so
7fbb8d40f000-7fbb8d413000 r--p 001c0000 08:01 13369940                   /lib/x86_64-linux-gnu/libc-2.23.so
7fbb8d413000-7fbb8d415000 rw-p 001c4000 08:01 13369940                   /lib/x86_64-linux-gnu/libc-2.23.so
7fbb8d415000-7fbb8d419000 rw-p 00000000 00:00 0 
7fbb8d419000-7fbb8d431000 r-xp 00000000 08:01 13369927                   /lib/x86_64-linux-gnu/libpthread-2.23.so
7fbb8d431000-7fbb8d630000 ---p 00018000 08:01 13369927                   /lib/x86_64-linux-gnu/libpthread-2.23.so
7fbb8d630000-7fbb8d631000 r--p 00017000 08:01 13369927                   /lib/x86_64-linux-gnu/libpthread-2.23.so
7fbb8d631000-7fbb8d632000 rw-p 00018000 08:01 13369927                   /lib/x86_64-linux-gnu/libpthread-2.23.so
7fbb8d632000-7fbb8d636000 rw-p 00000000 00:00 0 
7fbb8d636000-7fbb8d64c000 r-xp 00000000 08:01 13373891                   /lib/x86_64-linux-gnu/libgcc_s.so.1
7fbb8d64c000-7fbb8d84b000 ---p 00016000 08:01 13373891                   /lib/x86_64-linux-gnu/libgcc_s.so.1
7fbb8d84b000-7fbb8d84c000 rw-p 00015000 08:01 13373891                   /lib/x86_64-linux-gnu/libgcc_s.so.1
7fbb8d84c000-7fbb8d9be000 r-xp 00000000 08:01 12583311                   /usr/lib/x86_64-linux-gnu/libstdc++.so.6.0.21
7fbb8d9be000-7fbb8dbbe000 ---p 00172000 08:01 12583311                   /usr/lib/x86_64-linux-gnu/libstdc++.so.6.0.21
7fbb8dbbe000-7fbb8dbc8000 r--p 00172000 08:01 12583311                   /usr/lib/x86_64-linux-gnu/libstdc++.so.6.0.21
7fbb8dbc8000-7fbb8dbca000 rw-p 0017c000 08:01 12583311                   /usr/lib/x86_64-linux-gnu/libstdc++.so.6.0.21
7fbb8dbca000-7fbb8dbce000 rw-p 00000000 00:00 0 
7fbb8dbce000-7fbb8e832000 r-xp 00000000 08:01 14680605                   /usr/lib/jvm/java-8-openjdk-amd64/jre/lib/amd64/server/libjvm.so
7fbb8e832000-7fbb8ea31000 ---p 00c64000 08:01 14680605                   /usr/lib/jvm/java-8-openjdk-amd64/jre/lib/amd64/server/libjvm.so
7fbb8ea31000-7fbb8eac5000 r--p 00c63000 08:01 14680605                   /usr/lib/jvm/java-8-openjdk-amd64/jre/lib/amd64/server/libjvm.so
7fbb8eac5000-7fbb8eaee000 rw-p 00cf7000 08:01 14680605                   /usr/lib/jvm/java-8-openjdk-amd64/jre/lib/amd64/server/libjvm.so
7fbb8eaee000-7fbb8eb1e000 rw-p 00000000 00:00 0 
7fbb8eb1e000-7fbb8eb44000 r-xp 00000000 08:01 13369926                   /lib/x86_64-linux-gnu/ld-2.23.so
7fbb8eb47000-7fbb8eb48000 r--s 00010000 08:01 14680558                   /usr/lib/jvm/java-8-openjdk-amd64/jre/lib/ext/zipfs.jar
7fbb8eb48000-7fbb8eb4b000 r--s 00039000 08:01 14680554                   /usr/lib/jvm/java-8-openjdk-amd64/jre/lib/ext/sunpkcs11.jar
7fbb8eb4b000-7fbb8eb4e000 r--s 0000f000 08:01 14680551                   /usr/lib/jvm/java-8-openjdk-amd64/jre/lib/ext/icedtea-sound.jar
7fbb8eb4e000-7fbb8eb4f000 r--s 0000d000 08:01 14680550                   /usr/lib/jvm/java-8-openjdk-amd64/jre/lib/ext/sunec.jar
7fbb8eb4f000-7fbb8eb6d000 rw-p 00000000 00:00 0 
7fbb8eb6d000-7fbb8ed25000 ---p 00000000 00:00 0 
7fbb8ed25000-7fbb8ed2b000 rw-p 00000000 00:00 0 
7fbb8ed2b000-7fbb8ed2c000 r--s 0000a000 08:01 14680553                   /usr/lib/jvm/java-8-openjdk-amd64/jre/lib/ext/jaccess.jar
7fbb8ed2c000-7fbb8ed36000 r--s 00116000 08:01 14680559                   /usr/lib/jvm/java-8-openjdk-amd64/jre/lib/ext/localedata.jar
7fbb8ed36000-7fbb8ed38000 r--s 00001000 08:01 14680556                   /usr/lib/jvm/java-8-openjdk-amd64/jre/lib/ext/dnsns.jar
7fbb8ed38000-7fbb8ed40000 rw-s 00000000 08:01 14821723                   /tmp/hsperfdata_ljkim/23170
7fbb8ed40000-7fbb8ed41000 rw-p 00000000 00:00 0 
7fbb8ed41000-7fbb8ed42000 r--p 00000000 00:00 0 
7fbb8ed42000-7fbb8ed43000 rw-p 00000000 00:00 0 
7fbb8ed43000-7fbb8ed44000 r--p 00025000 08:01 13369926                   /lib/x86_64-linux-gnu/ld-2.23.so
7fbb8ed44000-7fbb8ed45000 rw-p 00026000 08:01 13369926                   /lib/x86_64-linux-gnu/ld-2.23.so
7fbb8ed45000-7fbb8ed46000 rw-p 00000000 00:00 0 
7ffc1f9c7000-7ffc1f9ca000 ---p 00000000 00:00 0 
7ffc1f9cb000-7ffc1fac7000 rw-p 00000000 00:00 0                          [stack]
7ffc1fb65000-7ffc1fb67000 r--p 00000000 00:00 0                          [vvar]
7ffc1fb67000-7ffc1fb69000 r-xp 00000000 00:00 0                          [vdso]
ffffffffff600000-ffffffffff601000 r-xp 00000000 00:00 0                  [vsyscall]

VM Arguments:
java_command: <unknown>
java_class_path (initial): <not set>
Launcher Type: generic

Environment Variables:
PATH=/home/ljkim/bin:/home/ljkim/.local/bin:/usr/local/sbin:/usr/local/bin:/usr/sbin:/usr/bin:/sbin:/bin:/usr/games:/usr/local/games:/snap/bin
LD_LIBRARY_PATH=/usr/lib/jvm/java-8-openjdk-amd64/jre/lib/amd64/server/
SHELL=/bin/bash

Signal Handlers:
SIGSEGV: [libjvm.so+0xa783e0], sa_mask[0]=11111111011111111101111111111110, sa_flags=SA_RESTART|SA_SIGINFO
SIGBUS: [libjvm.so+0xa783e0], sa_mask[0]=11111111011111111101111111111110, sa_flags=SA_RESTART|SA_SIGINFO
SIGFPE: [libjvm.so+0x8c0e10], sa_mask[0]=11111111011111111101111111111110, sa_flags=SA_RESTART|SA_SIGINFO
SIGPIPE: [libjvm.so+0x8c0e10], sa_mask[0]=11111111011111111101111111111110, sa_flags=SA_RESTART|SA_SIGINFO
SIGXFSZ: [libjvm.so+0x8c0e10], sa_mask[0]=11111111011111111101111111111110, sa_flags=SA_RESTART|SA_SIGINFO
SIGILL: [libjvm.so+0x8c0e10], sa_mask[0]=11111111011111111101111111111110, sa_flags=SA_RESTART|SA_SIGINFO
SIGUSR1: SIG_DFL, sa_mask[0]=00000000000000000000000000000000, sa_flags=none
SIGUSR2: [libjvm.so+0x8c0cc0], sa_mask[0]=00000000000000000000000000000000, sa_flags=SA_RESTART|SA_SIGINFO
SIGHUP: [libjvm.so+0x8c1350], sa_mask[0]=11111111011111111101111111111110, sa_flags=SA_RESTART|SA_SIGINFO
SIGINT: [libjvm.so+0x8c1350], sa_mask[0]=11111111011111111101111111111110, sa_flags=SA_RESTART|SA_SIGINFO
SIGTERM: [libjvm.so+0x8c1350], sa_mask[0]=11111111011111111101111111111110, sa_flags=SA_RESTART|SA_SIGINFO
SIGQUIT: [libjvm.so+0x8c1350], sa_mask[0]=11111111011111111101111111111110, sa_flags=SA_RESTART|SA_SIGINFO


---------------  S Y S T E M  ---------------

OS:DISTRIB_ID=Ubuntu
DISTRIB_RELEASE=16.04
DISTRIB_CODENAME=xenial
DISTRIB_DESCRIPTION="Ubuntu 16.04.6 LTS"

uname:Linux 4.8.0-36-generic #36~16.04.1-Ubuntu SMP Sun Feb 5 09:39:57 UTC 2017 x86_64
libc:glibc 2.23 NPTL 2.23 
rlimit: STACK 8192k, CORE 0k, NPROC 22332, NOFILE 1048576, AS infinity
load average:0.14 0.20 0.10

/proc/meminfo:
MemTotal:        5759556 kB
MemFree:         1447668 kB
MemAvailable:    4530032 kB
Buffers:          177748 kB
Cached:          3232820 kB
SwapCached:        36912 kB
Active:          3178220 kB
Inactive:         847280 kB
Active(anon):     155388 kB
Inactive(anon):   642144 kB
Active(file):    3022832 kB
Inactive(file):   205136 kB
Unevictable:          48 kB
Mlocked:              48 kB
SwapTotal:       5934076 kB
SwapFree:        5191612 kB
Dirty:                32 kB
Writeback:             0 kB
AnonPages:        594568 kB
Mapped:           137556 kB
Shmem:            182600 kB
Slab:             174796 kB
SReclaimable:     131200 kB
SUnreclaim:        43596 kB
KernelStack:        9296 kB
PageTables:        40220 kB
NFS_Unstable:          0 kB
Bounce:                0 kB
WritebackTmp:          0 kB
CommitLimit:     8813852 kB
Committed_AS:    5081736 kB
VmallocTotal:   34359738367 kB
VmallocUsed:           0 kB
VmallocChunk:          0 kB
HardwareCorrupted:     0 kB
AnonHugePages:    339968 kB
ShmemHugePages:        0 kB
ShmemPmdMapped:        0 kB
CmaTotal:              0 kB
CmaFree:               0 kB
HugePages_Total:       0
HugePages_Free:        0
HugePages_Rsvd:        0
HugePages_Surp:        0
Hugepagesize:       2048 kB
DirectMap4k:      239064 kB
DirectMap2M:     5697536 kB
DirectMap1G:     1048576 kB

container (cgroup) information:
container_type: cgroupv1
cpu_cpuset_cpus: 0-3
cpu_memory_nodes: 0
active_processor_count: 4
cpu_quota: -1
cpu_period: 100000
cpu_shares: -1
memory_limit_in_bytes: -1
memory_and_swap_limit_in_bytes: -2
memory_soft_limit_in_bytes: -1
memory_usage_in_bytes: 4113641472
memory_max_usage_in_bytes: 1845518336


CPU:total 4 (initial active 4) (4 cores per cpu, 1 threads per core) family 6 model 60 stepping 3, cmov, cx8, fxsr, mmx, sse, sse2, sse3, ssse3, sse4.1, sse4.2, popcnt, avx, avx2, aes, clmul, erms, rtm, lzcnt, tsc, tscinvbit, bmi1, bmi2

/proc/cpuinfo:
processor	: 0
vendor_id	: GenuineIntel
cpu family	: 6
model		: 60
model name	: Intel(R) Core(TM) i5-4690 CPU @ 3.50GHz
stepping	: 3
microcode	: 0x9
cpu MHz		: 2599.792
cache size	: 6144 KB
physical id	: 0
siblings	: 4
core id		: 0
cpu cores	: 4
apicid		: 0
initial apicid	: 0
fpu		: yes
fpu_exception	: yes
cpuid level	: 13
wp		: yes
flags		: fpu vme de pse tsc msr pae mce cx8 apic sep mtrr pge mca cmov pat pse36 clflush dts acpi mmx fxsr sse sse2 ss ht tm pbe syscall nx pdpe1gb rdtscp lm constant_tsc arch_perfmon pebs bts rep_good nopl xtopology nonstop_tsc aperfmperf eagerfpu pni pclmulqdq dtes64 monitor ds_cpl vmx smx est tm2 ssse3 sdbg fma cx16 xtpr pdcm pcid sse4_1 sse4_2 x2apic movbe popcnt tsc_deadline_timer aes xsave avx f16c rdrand lahf_lm abm tpr_shadow vnmi flexpriority ept vpid fsgsbase tsc_adjust bmi1 hle avx2 smep bmi2 erms invpcid rtm xsaveopt dtherm ida arat pln pts
bugs		:
bogomips	: 6998.12
clflush size	: 64
cache_alignment	: 64
address sizes	: 39 bits physical, 48 bits virtual
power management:

processor	: 1
vendor_id	: GenuineIntel
cpu family	: 6
model		: 60
model name	: Intel(R) Core(TM) i5-4690 CPU @ 3.50GHz
stepping	: 3
microcode	: 0x9
cpu MHz		: 2596.588
cache size	: 6144 KB
physical id	: 0
siblings	: 4
core id		: 1
cpu cores	: 4
apicid		: 2
initial apicid	: 2
fpu		: yes
fpu_exception	: yes
cpuid level	: 13
wp		: yes
flags		: fpu vme de pse tsc msr pae mce cx8 apic sep mtrr pge mca cmov pat pse36 clflush dts acpi mmx fxsr sse sse2 ss ht tm pbe syscall nx pdpe1gb rdtscp lm constant_tsc arch_perfmon pebs bts rep_good nopl xtopology nonstop_tsc aperfmperf eagerfpu pni pclmulqdq dtes64 monitor ds_cpl vmx smx est tm2 ssse3 sdbg fma cx16 xtpr pdcm pcid sse4_1 sse4_2 x2apic movbe popcnt tsc_deadline_timer aes xsave avx f16c rdrand lahf_lm abm tpr_shadow vnmi flexpriority ept vpid fsgsbase tsc_adjust bmi1 hle avx2 smep bmi2 erms invpcid rtm xsaveopt dtherm ida arat pln pts
bugs		:
bogomips	: 6998.12
clflush size	: 64
cache_alignment	: 64
address sizes	: 39 bits physical, 48 bits virtual
power management:

processor	: 2
vendor_id	: GenuineIntel
cpu family	: 6
model		: 60
model name	: Intel(R) Core(TM) i5-4690 CPU @ 3.50GHz
stepping	: 3
microcode	: 0x9
cpu MHz		: 1724.792
cache size	: 6144 KB
physical id	: 0
siblings	: 4
core id		: 2
cpu cores	: 4
apicid		: 4
initial apicid	: 4
fpu		: yes
fpu_exception	: yes
cpuid level	: 13
wp		: yes
flags		: fpu vme de pse tsc msr pae mce cx8 apic sep mtrr pge mca cmov pat pse36 clflush dts acpi mmx fxsr sse sse2 ss ht tm pbe syscall nx pdpe1gb rdtscp lm constant_tsc arch_perfmon pebs bts rep_good nopl xtopology nonstop_tsc aperfmperf eagerfpu pni pclmulqdq dtes64 monitor ds_cpl vmx smx est tm2 ssse3 sdbg fma cx16 xtpr pdcm pcid sse4_1 sse4_2 x2apic movbe popcnt tsc_deadline_timer aes xsave avx f16c rdrand lahf_lm abm tpr_shadow vnmi flexpriority ept vpid fsgsbase tsc_adjust bmi1 hle avx2 smep bmi2 erms invpcid rtm xsaveopt dtherm ida arat pln pts
bugs		:
bogomips	: 6998.12
clflush size	: 64
cache_alignment	: 64
address sizes	: 39 bits physical, 48 bits virtual
power management:

processor	: 3
vendor_id	: GenuineIntel
cpu family	: 6
model		: 60
model name	: Intel(R) Core(TM) i5-4690 CPU @ 3.50GHz
stepping	: 3
microcode	: 0x9
cpu MHz		: 2502.593
cache size	: 6144 KB
physical id	: 0
siblings	: 4
core id		: 3
cpu cores	: 4
apicid		: 6
initial apicid	: 6
fpu		: yes
fpu_exception	: yes
cpuid level	: 13
wp		: yes
flags		: fpu vme de pse tsc msr pae mce cx8 apic sep mtrr pge mca cmov pat pse36 clflush dts acpi mmx fxsr sse sse2 ss ht tm pbe syscall nx pdpe1gb rdtscp lm constant_tsc arch_perfmon pebs bts rep_good nopl xtopology nonstop_tsc aperfmperf eagerfpu pni pclmulqdq dtes64 monitor ds_cpl vmx smx est tm2 ssse3 sdbg fma cx16 xtpr pdcm pcid sse4_1 sse4_2 x2apic movbe popcnt tsc_deadline_timer aes xsave avx f16c rdrand lahf_lm abm tpr_shadow vnmi flexpriority ept vpid fsgsbase tsc_adjust bmi1 hle avx2 smep bmi2 erms invpcid rtm xsaveopt dtherm ida arat pln pts
bugs		:
bogomips	: 6998.12
clflush size	: 64
cache_alignment	: 64
address sizes	: 39 bits physical, 48 bits virtual
power management:



Memory: 4k page, physical 5759556k(1447668k free), swap 5934076k(5191612k free)

vm_info: OpenJDK 64-Bit Server VM (25.222-b10) for linux-amd64 JRE (1.8.0_222-8u222-b10-1ubuntu1~16.04.1-b10), built on Jul 18 2019 20:25:18 by "buildd" with gcc 5.4.0 20160609

time: Mon Sep  9 17:47:58 2019
timezone: KST
elapsed time: 0 seconds (0d 0h 0m 0s)

