#
# A fatal error has been detected by the Java Runtime Environment:
#
#  SIGSEGV (0xb) at pc=0x00007f2f316159aa, pid=21622, tid=0x00007f2f15bf5700
#
# JRE version: OpenJDK Runtime Environment (8.0_222-b10) (build 1.8.0_222-8u222-b10-1ubuntu1~16.04.1-b10)
# Java VM: OpenJDK 64-Bit Server VM (25.222-b10 mixed mode linux-amd64 compressed oops)
# Problematic frame:
# V  [libjvm.so+0x55a9aa]
#
# Failed to write core dump. Core dumps have been disabled. To enable core dumping, try "ulimit -c unlimited" before starting Java again
#
# If you would like to submit a bug report, please visit:
#   http://bugreport.java.com/bugreport/crash.jsp
#

---------------  T H R E A D  ---------------

Current thread is native thread

siginfo: si_signo: 11 (SIGSEGV), si_code: 1 (SEGV_MAPERR), si_addr: 0x0000000000000128

Registers:
RAX=0x0000000000000000, RBX=0x00007f2f31fc6728, RCX=0x00007f2f15bf46f0, RDX=0x00007f2f15bf5a20
RSP=0x00007f2f15bf45d0, RBP=0x00007f2f15bf4650, RSI=0x00000000e2b5d158, RDI=0x0000000000000001
R8 =0x00007f2f17814900, R9 =0x0000000000000006, R10=0x0000000001b961b0, R11=0x0000000000000005
R12=0x00007f2f17814900, R13=0x00007f2f31b92fe8, R14=0x0000000001b24048, R15=0x0000000001b23800
RIP=0x00007f2f316159aa, EFLAGS=0x0000000000010246, CSGSFS=0x002b000000000033, ERR=0x0000000000000004
  TRAPNO=0x000000000000000e

Top of Stack: (sp=0x00007f2f15bf45d0)
0x00007f2f15bf45d0:   00007f2f17814900 00007f2f15bf46f0
0x00007f2f15bf45e0:   00000000ffffffff 0000000001b224e0
0x00007f2f15bf45f0:   00007f2f15bf46f0 0000018231519ef9
0x00007f2f15bf4600:   00007f2f17814900 0000000000000000
0x00007f2f15bf4610:   00007f2f17814900 e68d173308fab200
0x00007f2f15bf4620:   00007f2f15bf4650 0000000001b23800
0x00007f2f15bf4630:   0000000001b23800 00007f2f15bf46f0
0x00007f2f15bf4640:   0000000001b224e0 00007f2f17814900
0x00007f2f15bf4650:   00007f2f15bf4770 00007f2f31722de0
0x00007f2f15bf4660:   0000000000400748 00007f2f15bf46d8
0x00007f2f15bf4670:   000000007c29dbe2 e68d173308fab200
0x00007f2f15bf4680:   00007f2f00000022 00007f2f0000000c
0x00007f2f15bf4690:   00007f2f1fd9b340 000000000000000c
0x00007f2f15bf46a0:   0000000001b24028 00007f2f15bf48f0
0x00007f2f15bf46b0:   00007f2f15bf4750 00007f2f3184c08f
0x00007f2f15bf46c0:   00007f2f15bf4750 00007f2f3184c132
0x00007f2f15bf46d0:   000000003054cff8 00007f2f15bf4700
0x00007f2f15bf46e0:   0000000001b24028 00007f2f15bf47a0
0x00007f2f15bf46f0:   00007f2f17814900 0000000001b23800
0x00007f2f15bf4700:   00007f2f17814900 0000000001b23800
0x00007f2f15bf4710:   00007f2f15bf4868 e68d173308fab200
0x00007f2f15bf4720:   0000000000000002 0000000001b23800
0x00007f2f15bf4730:   0000000001b23800 e68d173308fab200
0x00007f2f15bf4740:   00007f2f15bf48f0 0000000001b23800
0x00007f2f15bf4750:   00007f2f17814900 0000000001b23800
0x00007f2f15bf4760:   00007f2f15bf48f0 00007f2f15bf4830
0x00007f2f15bf4770:   00007f2f15bf4820 00007f2f31720ab4
0x00007f2f15bf4780:   00007f2f15bf47f0 00007f2f15bf47a0
0x00007f2f15bf4790:   00007f2f17814900 0000000001b23800
0x00007f2f15bf47a0:   0000000100002248 000000010000f318
0x00007f2f15bf47b0:   00007f2f17814900 0000000001b23800
0x00007f2f15bf47c0:   00007f2f17814900 0000000001b23800 

Instructions: (pc=0x00007f2f316159aa)
0x00007f2f3161598a:   21 48 c7 45 b8 00 00 00 00 48 8d 1d 8e 0d 9b 00
0x00007f2f3161599a:   4d 85 e4 4c 89 65 b0 74 2d 8b 3b e8 16 51 c9 ff
0x00007f2f316159aa:   4c 8b 80 28 01 00 00 48 89 45 b8 49 63 00 41 3b
0x00007f2f316159ba:   40 04 0f 84 d7 00 00 00 8d 50 01 41 89 10 49 8b 

Register to memory mapping:

RAX=0x0000000000000000 is an unknown value
RBX=0x00007f2f31fc6728: <offset 0xf0b728> in /usr/lib/jvm/java-8-openjdk-amd64/jre/lib/amd64/server/libjvm.so at 0x00007f2f310bb000
RCX=0x00007f2f15bf46f0 is an unknown value
RDX=0x00007f2f15bf5a20 is an unknown value
RSP=0x00007f2f15bf45d0 is an unknown value
RBP=0x00007f2f15bf4650 is an unknown value
RSI=0x00000000e2b5d158 is an oop

[error occurred during error reporting (printing register info), id 0xb]

Stack: [0x00007f2f153f5000,0x00007f2f15bf6000],  sp=0x00007f2f15bf45d0,  free space=8189k
Native frames: (J=compiled Java code, j=interpreted, Vv=VM code, C=native code)
V  [libjvm.so+0x55a9aa]
V  [libjvm.so+0x667de0]
V  [libjvm.so+0x665ab4]
V  [libjvm.so+0x666113]
V  [libjvm.so+0x9edf0d]
V  [libjvm.so+0x9ec886]
V  [libjvm.so+0x9ee9ca]
V  [libjvm.so+0x6b55e0]
V  [libjvm.so+0x67dbf6]
C  [Run+0x6b3d]
C  [Run+0x698e]
C  [Run+0x4a3d]
C  [Run+0x60cd]
C  [Run+0xac5f]
C  [Run+0xb90c]
C  [Run+0xb7c5]


---------------  P R O C E S S  ---------------

VM state:not at safepoint (normal execution)

VM Mutex/Monitor currently owned by a thread: None

heap address: 0x00000000a8000000, size: 1408 MB, Compressed Oops mode: 32-bit
Narrow klass base: 0x0000000000000000, Narrow klass shift: 3
Compressed class space size: 1073741824 Address: 0x0000000100000000

Heap:
 PSYoungGen      total 26112K, used 450K [0x00000000e2b00000, 0x00000000e4800000, 0x0000000100000000)
  eden space 22528K, 2% used [0x00000000e2b00000,0x00000000e2b70a48,0x00000000e4100000)
  from space 3584K, 0% used [0x00000000e4480000,0x00000000e4480000,0x00000000e4800000)
  to   space 3584K, 0% used [0x00000000e4100000,0x00000000e4100000,0x00000000e4480000)
 ParOldGen       total 60416K, used 0K [0x00000000a8000000, 0x00000000abb00000, 0x00000000e2b00000)
  object space 60416K, 0% used [0x00000000a8000000,0x00000000a8000000,0x00000000abb00000)
 Metaspace       used 2611K, capacity 4486K, committed 4864K, reserved 1056768K
  class space    used 275K, capacity 386K, committed 512K, reserved 1048576K

Card table byte_map: [0x00007f2f1f707000,0x00007f2f1f9c8000] byte_map_base: 0x00007f2f1f1c7000

Marking Bits: (ParMarkBitMap*) 0x00007f2f31fee540
 Begin Bits: [0x00007f2f1c703000, 0x00007f2f1dd03000)
 End Bits:   [0x00007f2f1dd03000, 0x00007f2f1f303000)

Polling page: 0x00007f2f3222e000

CodeCache: size=245760Kb used=1081Kb max_used=1081Kb free=244678Kb
 bounds [0x00007f2f1fd88000, 0x00007f2f1fff8000, 0x00007f2f2ed88000]
 total_blobs=244 nmethods=14 adapters=146
 compilation: enabled

Compilation events (10 events):
Event: 0.034 Thread 0x0000000001bd8000    9       3       java.lang.AbstractStringBuilder::ensureCapacityInternal (27 bytes)
Event: 0.034 Thread 0x0000000001bd8000 nmethod 9 0x00007f2f1fe94550 code [0x00007f2f1fe946e0, 0x00007f2f1fe94b38]
Event: 0.035 Thread 0x0000000001bd8000   11       1       java.lang.ref.Reference::get (5 bytes)
Event: 0.035 Thread 0x0000000001bd8000 nmethod 11 0x00007f2f1fe94290 code [0x00007f2f1fe943e0, 0x00007f2f1fe944f0]
Event: 0.035 Thread 0x0000000001bd8000   12       1       java.lang.ThreadLocal::access$400 (5 bytes)
Event: 0.035 Thread 0x0000000001bd8000 nmethod 12 0x00007f2f1fe93fd0 code [0x00007f2f1fe94120, 0x00007f2f1fe94210]
Event: 0.036 Thread 0x0000000001bd8000   13       3       java.lang.AbstractStringBuilder::append (50 bytes)
Event: 0.037 Thread 0x0000000001bd8000 nmethod 13 0x00007f2f1fe95390 code [0x00007f2f1fe95560, 0x00007f2f1fe95c98]
Event: 0.037 Thread 0x0000000001bd8000   14       3       java.lang.String::getChars (62 bytes)
Event: 0.038 Thread 0x0000000001bd8000 nmethod 14 0x00007f2f1fe95f90 code [0x00007f2f1fe96140, 0x00007f2f1fe96578]

GC Heap History (0 events):
No events

Deoptimization events (0 events):
No events

Classes redefined (0 events):
No events

Internal exceptions (2 events):
Event: 0.016 Thread 0x0000000001b23800 Exception <a 'java/lang/NoSuchMethodError': Method sun.misc.Unsafe.defineClass(Ljava/lang/String;[BII)Ljava/lang/Class; name or signature does not match> (0x00000000e2b07cb8) thrown at [/build/openjdk-8-g3XteX/openjdk-8-8u222-b10/src/hotspot/src/share/vm/
Event: 0.016 Thread 0x0000000001b23800 Exception <a 'java/lang/NoSuchMethodError': Method sun.misc.Unsafe.prefetchRead(Ljava/lang/Object;J)V name or signature does not match> (0x00000000e2b07fa0) thrown at [/build/openjdk-8-g3XteX/openjdk-8-8u222-b10/src/hotspot/src/share/vm/prims/jni.cpp, lin

Events (10 events):
Event: 0.042 loading class java/util/NavigableSet done
Event: 0.042 loading class java/util/concurrent/ConcurrentSkipListMap$KeySet done
Event: 0.042 loading class java/util/concurrent/ConcurrentSkipListMap$EntrySet
Event: 0.042 loading class java/util/concurrent/ConcurrentSkipListMap$EntrySet done
Event: 0.042 loading class java/util/concurrent/ConcurrentSkipListMap$Values
Event: 0.043 loading class java/util/concurrent/ConcurrentSkipListMap$Values done
Event: 0.043 loading class sun/nio/ch/Interruptible
Event: 0.043 loading class sun/nio/ch/Interruptible done
Event: 0.043 loading class java/util/concurrent/ConcurrentSkipListMap$Node
Event: 0.043 loading class java/util/concurrent/ConcurrentSkipListMap$Node done


Dynamic libraries:
00400000-00415000 r-xp 00000000 08:01 19267585                           /home/ljkim/skip_vchain/src_cpp/Run
00614000-00615000 r--p 00014000 08:01 19267585                           /home/ljkim/skip_vchain/src_cpp/Run
00615000-00616000 rw-p 00015000 08:01 19267585                           /home/ljkim/skip_vchain/src_cpp/Run
01b07000-01c6c000 rw-p 00000000 00:00 0                                  [heap]
a8000000-abb00000 rw-p 00000000 00:00 0 
abb00000-e2b00000 ---p 00000000 00:00 0 
e2b00000-e4800000 rw-p 00000000 00:00 0 
e4800000-100000000 ---p 00000000 00:00 0 
100000000-100080000 rw-p 00000000 00:00 0 
100080000-140000000 ---p 00000000 00:00 0 
7f2ed8000000-7f2ed8021000 rw-p 00000000 00:00 0 
7f2ed8021000-7f2edc000000 ---p 00000000 00:00 0 
7f2ee0000000-7f2ee0021000 rw-p 00000000 00:00 0 
7f2ee0021000-7f2ee4000000 ---p 00000000 00:00 0 
7f2ee4000000-7f2ee4021000 rw-p 00000000 00:00 0 
7f2ee4021000-7f2ee8000000 ---p 00000000 00:00 0 
7f2ee8000000-7f2ee8021000 rw-p 00000000 00:00 0 
7f2ee8021000-7f2eec000000 ---p 00000000 00:00 0 
7f2eec000000-7f2eec021000 rw-p 00000000 00:00 0 
7f2eec021000-7f2ef0000000 ---p 00000000 00:00 0 
7f2ef0000000-7f2ef0021000 rw-p 00000000 00:00 0 
7f2ef0021000-7f2ef4000000 ---p 00000000 00:00 0 
7f2ef4000000-7f2ef405e000 rw-p 00000000 00:00 0 
7f2ef405e000-7f2ef8000000 ---p 00000000 00:00 0 
7f2ef8000000-7f2ef8021000 rw-p 00000000 00:00 0 
7f2ef8021000-7f2efc000000 ---p 00000000 00:00 0 
7f2efc000000-7f2efc021000 rw-p 00000000 00:00 0 
7f2efc021000-7f2f00000000 ---p 00000000 00:00 0 
7f2f00000000-7f2f00021000 rw-p 00000000 00:00 0 
7f2f00021000-7f2f04000000 ---p 00000000 00:00 0 
7f2f04000000-7f2f04021000 rw-p 00000000 00:00 0 
7f2f04021000-7f2f08000000 ---p 00000000 00:00 0 
7f2f08000000-7f2f08021000 rw-p 00000000 00:00 0 
7f2f08021000-7f2f0c000000 ---p 00000000 00:00 0 
7f2f10000000-7f2f10021000 rw-p 00000000 00:00 0 
7f2f10021000-7f2f14000000 ---p 00000000 00:00 0 
7f2f153f5000-7f2f153f6000 ---p 00000000 00:00 0 
7f2f153f6000-7f2f15bf6000 rw-p 00000000 00:00 0 
7f2f15bf6000-7f2f15c11000 r--s 001d6000 08:01 14680552                   /usr/lib/jvm/java-8-openjdk-amd64/jre/lib/ext/nashorn.jar
7f2f15c11000-7f2f15c2c000 r--s 00394000 08:01 14680555                   /usr/lib/jvm/java-8-openjdk-amd64/jre/lib/ext/cldrdata.jar
7f2f15c2c000-7f2f15c2d000 ---p 00000000 00:00 0 
7f2f15c2d000-7f2f15d2d000 rw-p 00000000 00:00 0 
7f2f15d2d000-7f2f15d30000 ---p 00000000 00:00 0 
7f2f15d30000-7f2f15e2e000 rw-p 00000000 00:00 0 
7f2f15e2e000-7f2f15e31000 ---p 00000000 00:00 0 
7f2f15e31000-7f2f15f2f000 rw-p 00000000 00:00 0 
7f2f15f2f000-7f2f15f32000 ---p 00000000 00:00 0 
7f2f15f32000-7f2f16030000 rw-p 00000000 00:00 0 
7f2f16030000-7f2f16033000 ---p 00000000 00:00 0 
7f2f16033000-7f2f16131000 rw-p 00000000 00:00 0 
7f2f16131000-7f2f16134000 ---p 00000000 00:00 0 
7f2f16134000-7f2f16232000 rw-p 00000000 00:00 0 
7f2f16232000-7f2f1664a000 r--p 00000000 08:01 12594378                   /usr/lib/locale/locale-archive
7f2f1664a000-7f2f1664d000 ---p 00000000 00:00 0 
7f2f1664d000-7f2f1674b000 rw-p 00000000 00:00 0 
7f2f1674b000-7f2f1674e000 ---p 00000000 00:00 0 
7f2f1674e000-7f2f1684c000 rw-p 00000000 00:00 0 
7f2f1684c000-7f2f1684d000 ---p 00000000 00:00 0 
7f2f1684d000-7f2f17c40000 rw-p 00000000 00:00 0 
7f2f17c40000-7f2f18000000 ---p 00000000 00:00 0 
7f2f18000000-7f2f18021000 rw-p 00000000 00:00 0 
7f2f18021000-7f2f1c000000 ---p 00000000 00:00 0 
7f2f1c00a000-7f2f1c00f000 r--s 0003c000 08:01 14680557                   /usr/lib/jvm/java-8-openjdk-amd64/jre/lib/ext/sunjce_provider.jar
7f2f1c00f000-7f2f1c15e000 rw-p 00000000 00:00 0 
7f2f1c15e000-7f2f1c32e000 r--s 03c5c000 08:01 14549558                   /usr/lib/jvm/java-8-openjdk-amd64/jre/lib/rt.jar
7f2f1c32e000-7f2f1f303000 rw-p 00000000 00:00 0 
7f2f1f303000-7f2f1f304000 ---p 00000000 00:00 0 
7f2f1f304000-7f2f1f404000 rw-p 00000000 00:00 0 
7f2f1f404000-7f2f1f405000 ---p 00000000 00:00 0 
7f2f1f405000-7f2f1f505000 rw-p 00000000 00:00 0 
7f2f1f505000-7f2f1f506000 ---p 00000000 00:00 0 
7f2f1f506000-7f2f1f606000 rw-p 00000000 00:00 0 
7f2f1f606000-7f2f1f607000 ---p 00000000 00:00 0 
7f2f1f607000-7f2f1f725000 rw-p 00000000 00:00 0 
7f2f1f725000-7f2f1f8dc000 ---p 00000000 00:00 0 
7f2f1f8dc000-7f2f1f8eb000 rw-p 00000000 00:00 0 
7f2f1f8eb000-7f2f1f9c7000 ---p 00000000 00:00 0 
7f2f1f9c7000-7f2f1f9d2000 rw-p 00000000 00:00 0 
7f2f1f9d2000-7f2f1fd88000 ---p 00000000 00:00 0 
7f2f1fd88000-7f2f1fff8000 rwxp 00000000 00:00 0 
7f2f1fff8000-7f2f2ed88000 ---p 00000000 00:00 0 
7f2f2ed88000-7f2f2eda1000 r-xp 00000000 08:01 13369958                   /lib/x86_64-linux-gnu/libz.so.1.2.8
7f2f2eda1000-7f2f2efa0000 ---p 00019000 08:01 13369958                   /lib/x86_64-linux-gnu/libz.so.1.2.8
7f2f2efa0000-7f2f2efa1000 r--p 00018000 08:01 13369958                   /lib/x86_64-linux-gnu/libz.so.1.2.8
7f2f2efa1000-7f2f2efa2000 rw-p 00019000 08:01 13369958                   /lib/x86_64-linux-gnu/libz.so.1.2.8
7f2f2efa2000-7f2f2efaa000 r-xp 00000000 08:01 14680592                   /usr/lib/jvm/java-8-openjdk-amd64/jre/lib/amd64/libzip.so
7f2f2efaa000-7f2f2f1a9000 ---p 00008000 08:01 14680592                   /usr/lib/jvm/java-8-openjdk-amd64/jre/lib/amd64/libzip.so
7f2f2f1a9000-7f2f2f1aa000 r--p 00007000 08:01 14680592                   /usr/lib/jvm/java-8-openjdk-amd64/jre/lib/amd64/libzip.so
7f2f2f1aa000-7f2f2f1ab000 rw-p 00008000 08:01 14680592                   /usr/lib/jvm/java-8-openjdk-amd64/jre/lib/amd64/libzip.so
7f2f2f1ab000-7f2f2f1b6000 r-xp 00000000 08:01 13369937                   /lib/x86_64-linux-gnu/libnss_files-2.23.so
7f2f2f1b6000-7f2f2f3b5000 ---p 0000b000 08:01 13369937                   /lib/x86_64-linux-gnu/libnss_files-2.23.so
7f2f2f3b5000-7f2f2f3b6000 r--p 0000a000 08:01 13369937                   /lib/x86_64-linux-gnu/libnss_files-2.23.so
7f2f2f3b6000-7f2f2f3b7000 rw-p 0000b000 08:01 13369937                   /lib/x86_64-linux-gnu/libnss_files-2.23.so
7f2f2f3b7000-7f2f2f3bd000 rw-p 00000000 00:00 0 
7f2f2f3bd000-7f2f2f3c8000 r-xp 00000000 08:01 13369930                   /lib/x86_64-linux-gnu/libnss_nis-2.23.so
7f2f2f3c8000-7f2f2f5c7000 ---p 0000b000 08:01 13369930                   /lib/x86_64-linux-gnu/libnss_nis-2.23.so
7f2f2f5c7000-7f2f2f5c8000 r--p 0000a000 08:01 13369930                   /lib/x86_64-linux-gnu/libnss_nis-2.23.so
7f2f2f5c8000-7f2f2f5c9000 rw-p 0000b000 08:01 13369930                   /lib/x86_64-linux-gnu/libnss_nis-2.23.so
7f2f2f5c9000-7f2f2f5df000 r-xp 00000000 08:01 13369935                   /lib/x86_64-linux-gnu/libnsl-2.23.so
7f2f2f5df000-7f2f2f7de000 ---p 00016000 08:01 13369935                   /lib/x86_64-linux-gnu/libnsl-2.23.so
7f2f2f7de000-7f2f2f7df000 r--p 00015000 08:01 13369935                   /lib/x86_64-linux-gnu/libnsl-2.23.so
7f2f2f7df000-7f2f2f7e0000 rw-p 00016000 08:01 13369935                   /lib/x86_64-linux-gnu/libnsl-2.23.so
7f2f2f7e0000-7f2f2f7e2000 rw-p 00000000 00:00 0 
7f2f2f7e2000-7f2f2f7ea000 r-xp 00000000 08:01 13369941                   /lib/x86_64-linux-gnu/libnss_compat-2.23.so
7f2f2f7ea000-7f2f2f9e9000 ---p 00008000 08:01 13369941                   /lib/x86_64-linux-gnu/libnss_compat-2.23.so
7f2f2f9e9000-7f2f2f9ea000 r--p 00007000 08:01 13369941                   /lib/x86_64-linux-gnu/libnss_compat-2.23.so
7f2f2f9ea000-7f2f2f9eb000 rw-p 00008000 08:01 13369941                   /lib/x86_64-linux-gnu/libnss_compat-2.23.so
7f2f2f9eb000-7f2f2fa14000 r-xp 00000000 08:01 14680576                   /usr/lib/jvm/java-8-openjdk-amd64/jre/lib/amd64/libjava.so
7f2f2fa14000-7f2f2fc13000 ---p 00029000 08:01 14680576                   /usr/lib/jvm/java-8-openjdk-amd64/jre/lib/amd64/libjava.so
7f2f2fc13000-7f2f2fc14000 r--p 00028000 08:01 14680576                   /usr/lib/jvm/java-8-openjdk-amd64/jre/lib/amd64/libjava.so
7f2f2fc14000-7f2f2fc16000 rw-p 00029000 08:01 14680576                   /usr/lib/jvm/java-8-openjdk-amd64/jre/lib/amd64/libjava.so
7f2f2fc16000-7f2f2fc25000 r-xp 00000000 08:01 14680594                   /usr/lib/jvm/java-8-openjdk-amd64/jre/lib/amd64/libverify.so
7f2f2fc25000-7f2f2fe24000 ---p 0000f000 08:01 14680594                   /usr/lib/jvm/java-8-openjdk-amd64/jre/lib/amd64/libverify.so
7f2f2fe24000-7f2f2fe26000 r--p 0000e000 08:01 14680594                   /usr/lib/jvm/java-8-openjdk-amd64/jre/lib/amd64/libverify.so
7f2f2fe26000-7f2f2fe27000 rw-p 00010000 08:01 14680594                   /usr/lib/jvm/java-8-openjdk-amd64/jre/lib/amd64/libverify.so
7f2f2fe27000-7f2f2fe2e000 r-xp 00000000 08:01 13369923                   /lib/x86_64-linux-gnu/librt-2.23.so
7f2f2fe2e000-7f2f3002d000 ---p 00007000 08:01 13369923                   /lib/x86_64-linux-gnu/librt-2.23.so
7f2f3002d000-7f2f3002e000 r--p 00006000 08:01 13369923                   /lib/x86_64-linux-gnu/librt-2.23.so
7f2f3002e000-7f2f3002f000 rw-p 00007000 08:01 13369923                   /lib/x86_64-linux-gnu/librt-2.23.so
7f2f3002f000-7f2f30032000 r-xp 00000000 08:01 13369925                   /lib/x86_64-linux-gnu/libdl-2.23.so
7f2f30032000-7f2f30231000 ---p 00003000 08:01 13369925                   /lib/x86_64-linux-gnu/libdl-2.23.so
7f2f30231000-7f2f30232000 r--p 00002000 08:01 13369925                   /lib/x86_64-linux-gnu/libdl-2.23.so
7f2f30232000-7f2f30233000 rw-p 00003000 08:01 13369925                   /lib/x86_64-linux-gnu/libdl-2.23.so
7f2f30233000-7f2f3033b000 r-xp 00000000 08:01 13369943                   /lib/x86_64-linux-gnu/libm-2.23.so
7f2f3033b000-7f2f3053a000 ---p 00108000 08:01 13369943                   /lib/x86_64-linux-gnu/libm-2.23.so
7f2f3053a000-7f2f3053b000 r--p 00107000 08:01 13369943                   /lib/x86_64-linux-gnu/libm-2.23.so
7f2f3053b000-7f2f3053c000 rw-p 00108000 08:01 13369943                   /lib/x86_64-linux-gnu/libm-2.23.so
7f2f3053c000-7f2f306fc000 r-xp 00000000 08:01 13369940                   /lib/x86_64-linux-gnu/libc-2.23.so
7f2f306fc000-7f2f308fc000 ---p 001c0000 08:01 13369940                   /lib/x86_64-linux-gnu/libc-2.23.so
7f2f308fc000-7f2f30900000 r--p 001c0000 08:01 13369940                   /lib/x86_64-linux-gnu/libc-2.23.so
7f2f30900000-7f2f30902000 rw-p 001c4000 08:01 13369940                   /lib/x86_64-linux-gnu/libc-2.23.so
7f2f30902000-7f2f30906000 rw-p 00000000 00:00 0 
7f2f30906000-7f2f3091e000 r-xp 00000000 08:01 13369927                   /lib/x86_64-linux-gnu/libpthread-2.23.so
7f2f3091e000-7f2f30b1d000 ---p 00018000 08:01 13369927                   /lib/x86_64-linux-gnu/libpthread-2.23.so
7f2f30b1d000-7f2f30b1e000 r--p 00017000 08:01 13369927                   /lib/x86_64-linux-gnu/libpthread-2.23.so
7f2f30b1e000-7f2f30b1f000 rw-p 00018000 08:01 13369927                   /lib/x86_64-linux-gnu/libpthread-2.23.so
7f2f30b1f000-7f2f30b23000 rw-p 00000000 00:00 0 
7f2f30b23000-7f2f30b39000 r-xp 00000000 08:01 13373891                   /lib/x86_64-linux-gnu/libgcc_s.so.1
7f2f30b39000-7f2f30d38000 ---p 00016000 08:01 13373891                   /lib/x86_64-linux-gnu/libgcc_s.so.1
7f2f30d38000-7f2f30d39000 rw-p 00015000 08:01 13373891                   /lib/x86_64-linux-gnu/libgcc_s.so.1
7f2f30d39000-7f2f30eab000 r-xp 00000000 08:01 12583311                   /usr/lib/x86_64-linux-gnu/libstdc++.so.6.0.21
7f2f30eab000-7f2f310ab000 ---p 00172000 08:01 12583311                   /usr/lib/x86_64-linux-gnu/libstdc++.so.6.0.21
7f2f310ab000-7f2f310b5000 r--p 00172000 08:01 12583311                   /usr/lib/x86_64-linux-gnu/libstdc++.so.6.0.21
7f2f310b5000-7f2f310b7000 rw-p 0017c000 08:01 12583311                   /usr/lib/x86_64-linux-gnu/libstdc++.so.6.0.21
7f2f310b7000-7f2f310bb000 rw-p 00000000 00:00 0 
7f2f310bb000-7f2f31d1f000 r-xp 00000000 08:01 14680605                   /usr/lib/jvm/java-8-openjdk-amd64/jre/lib/amd64/server/libjvm.so
7f2f31d1f000-7f2f31f1e000 ---p 00c64000 08:01 14680605                   /usr/lib/jvm/java-8-openjdk-amd64/jre/lib/amd64/server/libjvm.so
7f2f31f1e000-7f2f31fb2000 r--p 00c63000 08:01 14680605                   /usr/lib/jvm/java-8-openjdk-amd64/jre/lib/amd64/server/libjvm.so
7f2f31fb2000-7f2f31fdb000 rw-p 00cf7000 08:01 14680605                   /usr/lib/jvm/java-8-openjdk-amd64/jre/lib/amd64/server/libjvm.so
7f2f31fdb000-7f2f3200b000 rw-p 00000000 00:00 0 
7f2f3200b000-7f2f32031000 r-xp 00000000 08:01 13369926                   /lib/x86_64-linux-gnu/ld-2.23.so
7f2f32034000-7f2f32035000 r--s 00010000 08:01 14680558                   /usr/lib/jvm/java-8-openjdk-amd64/jre/lib/ext/zipfs.jar
7f2f32035000-7f2f32038000 r--s 00039000 08:01 14680554                   /usr/lib/jvm/java-8-openjdk-amd64/jre/lib/ext/sunpkcs11.jar
7f2f32038000-7f2f3203b000 r--s 0000f000 08:01 14680551                   /usr/lib/jvm/java-8-openjdk-amd64/jre/lib/ext/icedtea-sound.jar
7f2f3203b000-7f2f3203c000 r--s 0000d000 08:01 14680550                   /usr/lib/jvm/java-8-openjdk-amd64/jre/lib/ext/sunec.jar
7f2f3203c000-7f2f3205a000 rw-p 00000000 00:00 0 
7f2f3205a000-7f2f32212000 ---p 00000000 00:00 0 
7f2f32212000-7f2f32218000 rw-p 00000000 00:00 0 
7f2f32218000-7f2f32219000 r--s 0000a000 08:01 14680553                   /usr/lib/jvm/java-8-openjdk-amd64/jre/lib/ext/jaccess.jar
7f2f32219000-7f2f32223000 r--s 00116000 08:01 14680559                   /usr/lib/jvm/java-8-openjdk-amd64/jre/lib/ext/localedata.jar
7f2f32223000-7f2f32225000 r--s 00001000 08:01 14680556                   /usr/lib/jvm/java-8-openjdk-amd64/jre/lib/ext/dnsns.jar
7f2f32225000-7f2f3222d000 rw-s 00000000 08:01 14821723                   /tmp/hsperfdata_ljkim/21622
7f2f3222d000-7f2f3222e000 rw-p 00000000 00:00 0 
7f2f3222e000-7f2f3222f000 r--p 00000000 00:00 0 
7f2f3222f000-7f2f32230000 rw-p 00000000 00:00 0 
7f2f32230000-7f2f32231000 r--p 00025000 08:01 13369926                   /lib/x86_64-linux-gnu/ld-2.23.so
7f2f32231000-7f2f32232000 rw-p 00026000 08:01 13369926                   /lib/x86_64-linux-gnu/ld-2.23.so
7f2f32232000-7f2f32233000 rw-p 00000000 00:00 0 
7ffcc60b5000-7ffcc60b8000 ---p 00000000 00:00 0 
7ffcc60b9000-7ffcc61b5000 rw-p 00000000 00:00 0                          [stack]
7ffcc61d6000-7ffcc61d8000 r--p 00000000 00:00 0                          [vvar]
7ffcc61d8000-7ffcc61da000 r-xp 00000000 00:00 0                          [vdso]
ffffffffff600000-ffffffffff601000 r-xp 00000000 00:00 0                  [vsyscall]

VM Arguments:
java_command: <unknown>
java_class_path (initial): <not set>
Launcher Type: generic

Environment Variables:
PATH=/home/ljkim/bin:/home/ljkim/.local/bin:/usr/local/sbin:/usr/local/bin:/usr/sbin:/usr/bin:/sbin:/bin:/usr/games:/usr/local/games:/snap/bin
LD_LIBRARY_PATH=/usr/lib/jvm/java-8-openjdk-amd64/jre/lib/amd64/server/
SHELL=/bin/bash

Signal Handlers:
SIGSEGV: [libjvm.so+0xa783e0], sa_mask[0]=11111111011111111101111111111110, sa_flags=SA_RESTART|SA_SIGINFO
SIGBUS: [libjvm.so+0xa783e0], sa_mask[0]=11111111011111111101111111111110, sa_flags=SA_RESTART|SA_SIGINFO
SIGFPE: [libjvm.so+0x8c0e10], sa_mask[0]=11111111011111111101111111111110, sa_flags=SA_RESTART|SA_SIGINFO
SIGPIPE: [libjvm.so+0x8c0e10], sa_mask[0]=11111111011111111101111111111110, sa_flags=SA_RESTART|SA_SIGINFO
SIGXFSZ: [libjvm.so+0x8c0e10], sa_mask[0]=11111111011111111101111111111110, sa_flags=SA_RESTART|SA_SIGINFO
SIGILL: [libjvm.so+0x8c0e10], sa_mask[0]=11111111011111111101111111111110, sa_flags=SA_RESTART|SA_SIGINFO
SIGUSR1: SIG_DFL, sa_mask[0]=00000000000000000000000000000000, sa_flags=none
SIGUSR2: [libjvm.so+0x8c0cc0], sa_mask[0]=00000000000000000000000000000000, sa_flags=SA_RESTART|SA_SIGINFO
SIGHUP: [libjvm.so+0x8c1350], sa_mask[0]=11111111011111111101111111111110, sa_flags=SA_RESTART|SA_SIGINFO
SIGINT: [libjvm.so+0x8c1350], sa_mask[0]=11111111011111111101111111111110, sa_flags=SA_RESTART|SA_SIGINFO
SIGTERM: [libjvm.so+0x8c1350], sa_mask[0]=11111111011111111101111111111110, sa_flags=SA_RESTART|SA_SIGINFO
SIGQUIT: [libjvm.so+0x8c1350], sa_mask[0]=11111111011111111101111111111110, sa_flags=SA_RESTART|SA_SIGINFO


---------------  S Y S T E M  ---------------

OS:DISTRIB_ID=Ubuntu
DISTRIB_RELEASE=16.04
DISTRIB_CODENAME=xenial
DISTRIB_DESCRIPTION="Ubuntu 16.04.6 LTS"

uname:Linux 4.8.0-36-generic #36~16.04.1-Ubuntu SMP Sun Feb 5 09:39:57 UTC 2017 x86_64
libc:glibc 2.23 NPTL 2.23 
rlimit: STACK 8192k, CORE 0k, NPROC 22332, NOFILE 1048576, AS infinity
load average:0.05 0.08 0.08

/proc/meminfo:
MemTotal:        5759556 kB
MemFree:         1483920 kB
MemAvailable:    4520164 kB
Buffers:          175684 kB
Cached:          3190068 kB
SwapCached:        36880 kB
Active:          3168912 kB
Inactive:         821988 kB
Active(anon):     165660 kB
Inactive(anon):   642112 kB
Active(file):    3003252 kB
Inactive(file):   179876 kB
Unevictable:          48 kB
Mlocked:              48 kB
SwapTotal:       5934076 kB
SwapFree:        5191552 kB
Dirty:              2348 kB
Writeback:             0 kB
AnonPages:        604820 kB
Mapped:           137284 kB
Shmem:            182624 kB
Slab:             172492 kB
SReclaimable:     128640 kB
SUnreclaim:        43852 kB
KernelStack:        9376 kB
PageTables:        40756 kB
NFS_Unstable:          0 kB
Bounce:                0 kB
WritebackTmp:          0 kB
CommitLimit:     8813852 kB
Committed_AS:    5085936 kB
VmallocTotal:   34359738367 kB
VmallocUsed:           0 kB
VmallocChunk:          0 kB
HardwareCorrupted:     0 kB
AnonHugePages:    339968 kB
ShmemHugePages:        0 kB
ShmemPmdMapped:        0 kB
CmaTotal:              0 kB
CmaFree:               0 kB
HugePages_Total:       0
HugePages_Free:        0
HugePages_Rsvd:        0
HugePages_Surp:        0
Hugepagesize:       2048 kB
DirectMap4k:      239064 kB
DirectMap2M:     5697536 kB
DirectMap1G:     1048576 kB

container (cgroup) information:
container_type: cgroupv1
cpu_cpuset_cpus: 0-3
cpu_memory_nodes: 0
active_processor_count: 4
cpu_quota: -1
cpu_period: 100000
cpu_shares: -1
memory_limit_in_bytes: -1
memory_and_swap_limit_in_bytes: -2
memory_soft_limit_in_bytes: -1
memory_usage_in_bytes: 4078133248
memory_max_usage_in_bytes: 1845518336


CPU:total 4 (initial active 4) (4 cores per cpu, 1 threads per core) family 6 model 60 stepping 3, cmov, cx8, fxsr, mmx, sse, sse2, sse3, ssse3, sse4.1, sse4.2, popcnt, avx, avx2, aes, clmul, erms, rtm, lzcnt, tsc, tscinvbit, bmi1, bmi2

/proc/cpuinfo:
processor	: 0
vendor_id	: GenuineIntel
cpu family	: 6
model		: 60
model name	: Intel(R) Core(TM) i5-4690 CPU @ 3.50GHz
stepping	: 3
microcode	: 0x9
cpu MHz		: 3786.468
cache size	: 6144 KB
physical id	: 0
siblings	: 4
core id		: 0
cpu cores	: 4
apicid		: 0
initial apicid	: 0
fpu		: yes
fpu_exception	: yes
cpuid level	: 13
wp		: yes
flags		: fpu vme de pse tsc msr pae mce cx8 apic sep mtrr pge mca cmov pat pse36 clflush dts acpi mmx fxsr sse sse2 ss ht tm pbe syscall nx pdpe1gb rdtscp lm constant_tsc arch_perfmon pebs bts rep_good nopl xtopology nonstop_tsc aperfmperf eagerfpu pni pclmulqdq dtes64 monitor ds_cpl vmx smx est tm2 ssse3 sdbg fma cx16 xtpr pdcm pcid sse4_1 sse4_2 x2apic movbe popcnt tsc_deadline_timer aes xsave avx f16c rdrand lahf_lm abm tpr_shadow vnmi flexpriority ept vpid fsgsbase tsc_adjust bmi1 hle avx2 smep bmi2 erms invpcid rtm xsaveopt dtherm ida arat pln pts
bugs		:
bogomips	: 6998.12
clflush size	: 64
cache_alignment	: 64
address sizes	: 39 bits physical, 48 bits virtual
power management:

processor	: 1
vendor_id	: GenuineIntel
cpu family	: 6
model		: 60
model name	: Intel(R) Core(TM) i5-4690 CPU @ 3.50GHz
stepping	: 3
microcode	: 0x9
cpu MHz		: 3874.267
cache size	: 6144 KB
physical id	: 0
siblings	: 4
core id		: 1
cpu cores	: 4
apicid		: 2
initial apicid	: 2
fpu		: yes
fpu_exception	: yes
cpuid level	: 13
wp		: yes
flags		: fpu vme de pse tsc msr pae mce cx8 apic sep mtrr pge mca cmov pat pse36 clflush dts acpi mmx fxsr sse sse2 ss ht tm pbe syscall nx pdpe1gb rdtscp lm constant_tsc arch_perfmon pebs bts rep_good nopl xtopology nonstop_tsc aperfmperf eagerfpu pni pclmulqdq dtes64 monitor ds_cpl vmx smx est tm2 ssse3 sdbg fma cx16 xtpr pdcm pcid sse4_1 sse4_2 x2apic movbe popcnt tsc_deadline_timer aes xsave avx f16c rdrand lahf_lm abm tpr_shadow vnmi flexpriority ept vpid fsgsbase tsc_adjust bmi1 hle avx2 smep bmi2 erms invpcid rtm xsaveopt dtherm ida arat pln pts
bugs		:
bogomips	: 6998.12
clflush size	: 64
cache_alignment	: 64
address sizes	: 39 bits physical, 48 bits virtual
power management:

processor	: 2
vendor_id	: GenuineIntel
cpu family	: 6
model		: 60
model name	: Intel(R) Core(TM) i5-4690 CPU @ 3.50GHz
stepping	: 3
microcode	: 0x9
cpu MHz		: 3862.304
cache size	: 6144 KB
physical id	: 0
siblings	: 4
core id		: 2
cpu cores	: 4
apicid		: 4
initial apicid	: 4
fpu		: yes
fpu_exception	: yes
cpuid level	: 13
wp		: yes
flags		: fpu vme de pse tsc msr pae mce cx8 apic sep mtrr pge mca cmov pat pse36 clflush dts acpi mmx fxsr sse sse2 ss ht tm pbe syscall nx pdpe1gb rdtscp lm constant_tsc arch_perfmon pebs bts rep_good nopl xtopology nonstop_tsc aperfmperf eagerfpu pni pclmulqdq dtes64 monitor ds_cpl vmx smx est tm2 ssse3 sdbg fma cx16 xtpr pdcm pcid sse4_1 sse4_2 x2apic movbe popcnt tsc_deadline_timer aes xsave avx f16c rdrand lahf_lm abm tpr_shadow vnmi flexpriority ept vpid fsgsbase tsc_adjust bmi1 hle avx2 smep bmi2 erms invpcid rtm xsaveopt dtherm ida arat pln pts
bugs		:
bogomips	: 6998.12
clflush size	: 64
cache_alignment	: 64
address sizes	: 39 bits physical, 48 bits virtual
power management:

processor	: 3
vendor_id	: GenuineIntel
cpu family	: 6
model		: 60
model name	: Intel(R) Core(TM) i5-4690 CPU @ 3.50GHz
stepping	: 3
microcode	: 0x9
cpu MHz		: 3843.292
cache size	: 6144 KB
physical id	: 0
siblings	: 4
core id		: 3
cpu cores	: 4
apicid		: 6
initial apicid	: 6
fpu		: yes
fpu_exception	: yes
cpuid level	: 13
wp		: yes
flags		: fpu vme de pse tsc msr pae mce cx8 apic sep mtrr pge mca cmov pat pse36 clflush dts acpi mmx fxsr sse sse2 ss ht tm pbe syscall nx pdpe1gb rdtscp lm constant_tsc arch_perfmon pebs bts rep_good nopl xtopology nonstop_tsc aperfmperf eagerfpu pni pclmulqdq dtes64 monitor ds_cpl vmx smx est tm2 ssse3 sdbg fma cx16 xtpr pdcm pcid sse4_1 sse4_2 x2apic movbe popcnt tsc_deadline_timer aes xsave avx f16c rdrand lahf_lm abm tpr_shadow vnmi flexpriority ept vpid fsgsbase tsc_adjust bmi1 hle avx2 smep bmi2 erms invpcid rtm xsaveopt dtherm ida arat pln pts
bugs		:
bogomips	: 6998.12
clflush size	: 64
cache_alignment	: 64
address sizes	: 39 bits physical, 48 bits virtual
power management:



Memory: 4k page, physical 5759556k(1483664k free), swap 5934076k(5191552k free)

vm_info: OpenJDK 64-Bit Server VM (25.222-b10) for linux-amd64 JRE (1.8.0_222-8u222-b10-1ubuntu1~16.04.1-b10), built on Jul 18 2019 20:25:18 by "buildd" with gcc 5.4.0 20160609

time: Mon Sep  9 17:09:14 2019
timezone: KST
elapsed time: 0 seconds (0d 0h 0m 0s)

